<?xml version="1.0" encoding="UTF-8"?>
<robot generator="Robot 5.0.1 (Python 3.10.6 on win32)" generated="20220907 22:05:40.657" rpa="false" schemaversion="3">
<suite id="s1" name="Teste" source="C:\Users\user\Desktop\API\teste.robot">
<test id="s1-t1" name="Efetuar GET de CEP no site viacep com - Exemplo GET" line="35">
<kw name="Dado que efetuo o GET no site informando um CEP">
<kw name="Random Int" library="FakerLibrary">
<var>${i}</var>
<arg>min=1</arg>
<arg>max=10</arg>
<doc>Generate a random integer between two integers ``min`` and ``max`` inclusive
while observing the provided ``step`` value.</doc>
<msg timestamp="20220907 22:05:41.285" level="INFO">${i} = 7</msg>
<status status="PASS" starttime="20220907 22:05:41.284" endtime="20220907 22:05:41.285"/>
</kw>
<kw name="EXECUTE">
<arg>GET</arg>
<arg>/ws/${lista_ceps.cep${i}}/json/</arg>
<arg>${base_viacep}</arg>
<kw name="Authorization Headers">
<var>${headers}</var>
<arg>${token}</arg>
<kw name="Create Dictionary" library="BuiltIn">
<var>&amp;{headers}</var>
<arg>Authorization=${token}</arg>
<arg>Content-Type=${content_type}</arg>
<doc>Creates and returns a dictionary based on the given ``items``.</doc>
<msg timestamp="20220907 22:05:41.286" level="INFO">&amp;{headers} = { Authorization= | Content-Type=application/json }</msg>
<status status="PASS" starttime="20220907 22:05:41.286" endtime="20220907 22:05:41.286"/>
</kw>
<msg timestamp="20220907 22:05:41.287" level="INFO">${headers} = {'Authorization': '', 'Content-Type': 'application/json'}</msg>
<status status="PASS" starttime="20220907 22:05:41.286" endtime="20220907 22:05:41.287"/>
</kw>
<if>
<branch type="IF" condition="$method.upper() == 'POST'">
<kw name="POST" library="RequestsLibrary">
<var>${response}</var>
<arg>url=${link}${endpoint}</arg>
<arg>json=${body}</arg>
<arg>headers=${headers}</arg>
<arg>expected_status=any</arg>
<doc>Sends a POST request.</doc>
<status status="NOT RUN" starttime="20220907 22:05:41.290" endtime="20220907 22:05:41.290"/>
</kw>
<status status="NOT RUN" starttime="20220907 22:05:41.290" endtime="20220907 22:05:41.290"/>
</branch>
<branch type="ELSE IF" condition="$method.upper() == 'PATCH'">
<kw name="PATCH" library="RequestsLibrary">
<var>${response}</var>
<arg>url=${link}${endpoint}</arg>
<arg>json=${body}</arg>
<arg>headers=${headers}</arg>
<arg>expected_status=any</arg>
<doc>Sends a PUT request.</doc>
<status status="NOT RUN" starttime="20220907 22:05:41.291" endtime="20220907 22:05:41.291"/>
</kw>
<status status="NOT RUN" starttime="20220907 22:05:41.290" endtime="20220907 22:05:41.291"/>
</branch>
<branch type="ELSE IF" condition="$method.upper() == 'DELETE'">
<kw name="DELETE" library="RequestsLibrary">
<var>${response}</var>
<arg>url=${link}${endpoint}</arg>
<arg>headers=${headers}</arg>
<arg>expected_status=any</arg>
<doc>Sends a DELETE request.</doc>
<status status="NOT RUN" starttime="20220907 22:05:41.291" endtime="20220907 22:05:41.291"/>
</kw>
<status status="NOT RUN" starttime="20220907 22:05:41.291" endtime="20220907 22:05:41.291"/>
</branch>
<branch type="ELSE">
<if>
<branch type="IF" condition="${body} != None">
<kw name="GET" library="RequestsLibrary">
<var>${response}</var>
<arg>url=${link}${endpoint}</arg>
<arg>json=${body}</arg>
<arg>headers=${headers}</arg>
<arg>expected_status=any</arg>
<doc>Sends a GET request.</doc>
<status status="NOT RUN" starttime="20220907 22:05:41.291" endtime="20220907 22:05:41.291"/>
</kw>
<status status="NOT RUN" starttime="20220907 22:05:41.291" endtime="20220907 22:05:41.291"/>
</branch>
<branch type="ELSE">
<kw name="GET" library="RequestsLibrary">
<var>${response}</var>
<arg>url=${link}${endpoint}</arg>
<arg>headers=${headers}</arg>
<arg>expected_status=any</arg>
<doc>Sends a GET request.</doc>
<msg timestamp="20220907 22:05:42.177" level="INFO">GET Request : url=https://viacep.com.br//ws/01023050/json/ 
 path_url=//ws/01023050/json/ 
 headers={'User-Agent': 'python-requests/2.28.1', 'Accept-Encoding': 'gzip, deflate', 'Accept': '*/*', 'Connection': 'keep-alive', 'Authorization': '', 'Content-Type': 'application/json'} 
 body=None 
 </msg>
<msg timestamp="20220907 22:05:42.177" level="INFO">GET Response : url=https://viacep.com.br//ws/01023050/json/ 
 status=200, reason=OK 
 headers={'Server': 'nginx/1.22.0', 'Date': 'Thu, 08 Sep 2022 01:05:43 GMT', 'Content-Type': 'application/json; charset=utf-8', 'Transfer-Encoding': 'chunked', 'Connection': 'keep-alive', 'Expires': 'Thu, 08 Sep 2022 02:05:43 GMT', 'Cache-Control': 'max-age=3600, public', 'Pragma': 'public', 'Access-Control-Allow-Origin': '*', 'Access-Control-Allow-Methods': 'GET', 'Access-Control-Allow-Headers': 'Content-Type, X-Request-With, X-Requested-By', 'Access-Control-Allow-Credentials': 'true', 'Access-Control-Max-Age': '86400'} 
 body={
  "cep": "01023-050",
  "logradouro": "Rua Comendador Abdo Schahin",
  "complemento": "",
  "bairro": "Centro",
  "localidade": "São Paulo",
  "uf": "SP",
  "ibge": "3550308",
  "gia": "1004",
  "ddd": "11",
  "siafi": "7107"
} 
 </msg>
<msg timestamp="20220907 22:05:42.177" level="INFO">${response} = &lt;Response [200]&gt;</msg>
<status status="PASS" starttime="20220907 22:05:41.291" endtime="20220907 22:05:42.177"/>
</kw>
<status status="PASS" starttime="20220907 22:05:41.291" endtime="20220907 22:05:42.177"/>
</branch>
<status status="PASS" starttime="20220907 22:05:41.291" endtime="20220907 22:05:42.177"/>
</if>
<status status="PASS" starttime="20220907 22:05:41.291" endtime="20220907 22:05:42.177"/>
</branch>
<status status="PASS" starttime="20220907 22:05:41.287" endtime="20220907 22:05:42.177"/>
</if>
<kw name="Set Suite Variable" library="BuiltIn">
<arg>${response}</arg>
<doc>Makes a variable available everywhere within the scope of the current suite.</doc>
<msg timestamp="20220907 22:05:42.177" level="INFO">${response} = &lt;Response [200]&gt;</msg>
<status status="PASS" starttime="20220907 22:05:42.177" endtime="20220907 22:05:42.178"/>
</kw>
<status status="PASS" starttime="20220907 22:05:41.285" endtime="20220907 22:05:42.178"/>
</kw>
<status status="PASS" starttime="20220907 22:05:41.284" endtime="20220907 22:05:42.178"/>
</kw>
<kw name="Então devo ter o endereço referente a esse CEP retornado com sucesso">
<kw name="Log To Console" library="BuiltIn">
<arg>Status code: ${response.status_code}</arg>
<doc>Logs the given message to the console.</doc>
<status status="PASS" starttime="20220907 22:05:42.180" endtime="20220907 22:05:42.181"/>
</kw>
<kw name="Log To Console" library="BuiltIn">
<arg>Dado retornados do endereço:${response.json()}</arg>
<doc>Logs the given message to the console.</doc>
<status status="PASS" starttime="20220907 22:05:42.181" endtime="20220907 22:05:42.183"/>
</kw>
<kw name="Log" library="BuiltIn">
<arg>Status code: ${response.status_code}</arg>
<doc>Logs the given message with the given level.</doc>
<msg timestamp="20220907 22:05:42.183" level="INFO">Status code: 200</msg>
<status status="PASS" starttime="20220907 22:05:42.183" endtime="20220907 22:05:42.183"/>
</kw>
<kw name="Log" library="BuiltIn">
<arg>Dado retornados do endereço:${response.json()}</arg>
<doc>Logs the given message with the given level.</doc>
<msg timestamp="20220907 22:05:42.184" level="INFO">Dado retornados do endereço:{'cep': '01023-050', 'logradouro': 'Rua Comendador Abdo Schahin', 'complemento': '', 'bairro': 'Centro', 'localidade': 'São Paulo', 'uf': 'SP', 'ibge': '3550308', 'gia': '1004', 'ddd': '11', 'siafi': '7107'}</msg>
<status status="PASS" starttime="20220907 22:05:42.184" endtime="20220907 22:05:42.184"/>
</kw>
<status status="PASS" starttime="20220907 22:05:42.180" endtime="20220907 22:05:42.185"/>
</kw>
<status status="PASS" starttime="20220907 22:05:41.283" endtime="20220907 22:05:42.185"/>
</test>
<test id="s1-t2" name="Efetuar cadastro de uma nova pessoa via method POST na API api-de-tarefas.herokuapp" line="39">
<kw name="Dado que efetuo envio da cadastro de uma nova pessoa para API api-de-tarefas.herokuapp">
<kw name="File Name" library="FakerLibrary">
<var>${nome}</var>
<doc>Generate a random file name with extension.</doc>
<msg timestamp="20220907 22:05:42.188" level="INFO">${nome} = modern.png</msg>
<status status="PASS" starttime="20220907 22:05:42.187" endtime="20220907 22:05:42.188"/>
</kw>
<kw name="Last Name" library="FakerLibrary">
<var>${nome_l}</var>
<msg timestamp="20220907 22:05:42.188" level="INFO">${nome_l} = Hunter</msg>
<status status="PASS" starttime="20220907 22:05:42.188" endtime="20220907 22:05:42.189"/>
</kw>
<kw name="Email" library="FakerLibrary">
<var>${email}</var>
<msg timestamp="20220907 22:05:42.189" level="INFO">${email} = aaron00@example.org</msg>
<status status="PASS" starttime="20220907 22:05:42.189" endtime="20220907 22:05:42.189"/>
</kw>
<kw name="Numerify" library="FakerLibrary">
<var>${numero}</var>
<doc>Generate a string with each placeholder in ``text`` replaced according
to the following rules:</doc>
<msg timestamp="20220907 22:05:42.190" level="INFO">${numero} = 130</msg>
<status status="PASS" starttime="20220907 22:05:42.189" endtime="20220907 22:05:42.190"/>
</kw>
<kw name="Address" library="FakerLibrary">
<var>${endereco}</var>
<doc>:example: '791 Crist Parks, Sashabury, IL 86039-9874'</doc>
<msg timestamp="20220907 22:05:42.190" level="INFO">${endereco} = 5567 Ferguson Skyway Suite 228
Reginaldview, UT 94999</msg>
<status status="PASS" starttime="20220907 22:05:42.190" endtime="20220907 22:05:42.191"/>
</kw>
<kw name="City" library="FakerLibrary">
<var>${city}</var>
<doc>:example: 'Sashabury'</doc>
<msg timestamp="20220907 22:05:42.191" level="INFO">${city} = North Anthony</msg>
<status status="PASS" starttime="20220907 22:05:42.191" endtime="20220907 22:05:42.191"/>
</kw>
<kw name="State" library="FakerLibrary">
<var>${State}</var>
<msg timestamp="20220907 22:05:42.192" level="INFO">${State} = North Dakota</msg>
<status status="PASS" starttime="20220907 22:05:42.191" endtime="20220907 22:05:42.192"/>
</kw>
<kw name="Random Int" library="FakerLibrary">
<var>${idade}</var>
<arg>min=1</arg>
<arg>max=10</arg>
<doc>Generate a random integer between two integers ``min`` and ``max`` inclusive
while observing the provided ``step`` value.</doc>
<msg timestamp="20220907 22:05:42.192" level="INFO">${idade} = 3</msg>
<status status="PASS" starttime="20220907 22:05:42.192" endtime="20220907 22:05:42.192"/>
</kw>
<kw name="Create Dictionary" library="BuiltIn">
<var>&amp;{body}</var>
<arg>name=${nome}</arg>
<arg>last_name=${nome_l}</arg>
<arg>email=${email}</arg>
<arg>age=${idade}</arg>
<arg>phone=${numero}</arg>
<arg>address=${endereco}</arg>
<arg>state=${State}</arg>
<arg>city=${city}</arg>
<doc>Creates and returns a dictionary based on the given ``items``.</doc>
<msg timestamp="20220907 22:05:42.193" level="INFO">&amp;{body} = { name=modern.png | last_name=Hunter | email=aaron00@example.org | age=3 | phone=130 | address=5567 Ferguson Skyway Suite 228
Reginaldview, UT 94999 | state=North Dakota | city=North Anthony }</msg>
<status status="PASS" starttime="20220907 22:05:42.192" endtime="20220907 22:05:42.193"/>
</kw>
<kw name="EXECUTE">
<var>${response}</var>
<arg>POST</arg>
<arg>/contacts</arg>
<arg>${base_herokuapp}</arg>
<arg>${body}</arg>
<kw name="Authorization Headers">
<var>${headers}</var>
<arg>${token}</arg>
<kw name="Create Dictionary" library="BuiltIn">
<var>&amp;{headers}</var>
<arg>Authorization=${token}</arg>
<arg>Content-Type=${content_type}</arg>
<doc>Creates and returns a dictionary based on the given ``items``.</doc>
<msg timestamp="20220907 22:05:42.194" level="INFO">&amp;{headers} = { Authorization= | Content-Type=application/json }</msg>
<status status="PASS" starttime="20220907 22:05:42.194" endtime="20220907 22:05:42.194"/>
</kw>
<msg timestamp="20220907 22:05:42.194" level="INFO">${headers} = {'Authorization': '', 'Content-Type': 'application/json'}</msg>
<status status="PASS" starttime="20220907 22:05:42.193" endtime="20220907 22:05:42.194"/>
</kw>
<if>
<branch type="IF" condition="$method.upper() == 'POST'">
<kw name="POST" library="RequestsLibrary">
<var>${response}</var>
<arg>url=${link}${endpoint}</arg>
<arg>json=${body}</arg>
<arg>headers=${headers}</arg>
<arg>expected_status=any</arg>
<doc>Sends a POST request.</doc>
<msg timestamp="20220907 22:05:42.844" level="INFO">POST Request : url=https://api-de-tarefas.herokuapp.com/contacts 
 path_url=/contacts 
 headers={'User-Agent': 'python-requests/2.28.1', 'Accept-Encoding': 'gzip, deflate', 'Accept': '*/*', 'Connection': 'keep-alive', 'Authorization': '', 'Content-Type': 'application/json', 'Content-Length': '222'} 
 body=b'{"name": "modern.png", "last_name": "Hunter", "email": "aaron00@example.org", "age": 3, "phone": "130", "address": "5567 Ferguson Skyway Suite 228\\nReginaldview, UT 94999", "state": "North Dakota", "city": "North Anthony"}' 
 </msg>
<msg timestamp="20220907 22:05:42.845" level="INFO">POST Response : url=https://api-de-tarefas.herokuapp.com/contacts 
 status=201, reason=Created 
 headers={'Server': 'Cowboy', 'Date': 'Thu, 08 Sep 2022 01:05:43 GMT', 'Connection': 'keep-alive', 'Content-Type': 'application/json; charset=utf-8', 'Etag': 'W/"acf57f64e8fbb84ac37017ce7b00fc95"', 'Cache-Control': 'max-age=0, private, must-revalidate', 'X-Request-Id': 'f8c8cc35-97ce-44a8-b3bf-1d176ecc6ac0', 'X-Runtime': '0.010324', 'Transfer-Encoding': 'chunked', 'Via': '1.1 vegur'} 
 body={"data":{"id":"3300","type":"contacts","attributes":{"name":"modern.png","last-name":"Hunter","email":"aaron00@example.org","age":3,"phone":"130","address":"5567 Ferguson Skyway Suite 228\nReginaldview, UT 94999","state":"North Dakota","city":"North Anthony"}}} 
 </msg>
<msg timestamp="20220907 22:05:42.845" level="INFO">${response} = &lt;Response [201]&gt;</msg>
<status status="PASS" starttime="20220907 22:05:42.194" endtime="20220907 22:05:42.845"/>
</kw>
<status status="PASS" starttime="20220907 22:05:42.194" endtime="20220907 22:05:42.845"/>
</branch>
<branch type="ELSE IF" condition="$method.upper() == 'PATCH'">
<kw name="PATCH" library="RequestsLibrary">
<var>${response}</var>
<arg>url=${link}${endpoint}</arg>
<arg>json=${body}</arg>
<arg>headers=${headers}</arg>
<arg>expected_status=any</arg>
<doc>Sends a PUT request.</doc>
<status status="NOT RUN" starttime="20220907 22:05:42.845" endtime="20220907 22:05:42.845"/>
</kw>
<status status="NOT RUN" starttime="20220907 22:05:42.845" endtime="20220907 22:05:42.845"/>
</branch>
<branch type="ELSE IF" condition="$method.upper() == 'DELETE'">
<kw name="DELETE" library="RequestsLibrary">
<var>${response}</var>
<arg>url=${link}${endpoint}</arg>
<arg>headers=${headers}</arg>
<arg>expected_status=any</arg>
<doc>Sends a DELETE request.</doc>
<status status="NOT RUN" starttime="20220907 22:05:42.845" endtime="20220907 22:05:42.845"/>
</kw>
<status status="NOT RUN" starttime="20220907 22:05:42.845" endtime="20220907 22:05:42.845"/>
</branch>
<branch type="ELSE">
<if>
<branch type="IF" condition="${body} != None">
<kw name="GET" library="RequestsLibrary">
<var>${response}</var>
<arg>url=${link}${endpoint}</arg>
<arg>json=${body}</arg>
<arg>headers=${headers}</arg>
<arg>expected_status=any</arg>
<doc>Sends a GET request.</doc>
<status status="NOT RUN" starttime="20220907 22:05:42.845" endtime="20220907 22:05:42.845"/>
</kw>
<status status="NOT RUN" starttime="20220907 22:05:42.845" endtime="20220907 22:05:42.845"/>
</branch>
<branch type="ELSE">
<kw name="GET" library="RequestsLibrary">
<var>${response}</var>
<arg>url=${link}${endpoint}</arg>
<arg>headers=${headers}</arg>
<arg>expected_status=any</arg>
<doc>Sends a GET request.</doc>
<status status="NOT RUN" starttime="20220907 22:05:42.845" endtime="20220907 22:05:42.846"/>
</kw>
<status status="NOT RUN" starttime="20220907 22:05:42.845" endtime="20220907 22:05:42.846"/>
</branch>
<status status="NOT RUN" starttime="20220907 22:05:42.845" endtime="20220907 22:05:42.846"/>
</if>
<status status="NOT RUN" starttime="20220907 22:05:42.845" endtime="20220907 22:05:42.846"/>
</branch>
<status status="PASS" starttime="20220907 22:05:42.194" endtime="20220907 22:05:42.846"/>
</if>
<kw name="Set Suite Variable" library="BuiltIn">
<arg>${response}</arg>
<doc>Makes a variable available everywhere within the scope of the current suite.</doc>
<msg timestamp="20220907 22:05:42.846" level="INFO">${response} = &lt;Response [201]&gt;</msg>
<status status="PASS" starttime="20220907 22:05:42.846" endtime="20220907 22:05:42.846"/>
</kw>
<msg timestamp="20220907 22:05:42.846" level="INFO">${response} = &lt;Response [201]&gt;</msg>
<status status="PASS" starttime="20220907 22:05:42.193" endtime="20220907 22:05:42.846"/>
</kw>
<status status="PASS" starttime="20220907 22:05:42.187" endtime="20220907 22:05:42.847"/>
</kw>
<kw name="Então devera ser cadastrado com sucesso e retornar o body da API com sucesso">
<kw name="Log To Console" library="BuiltIn">
<arg>${response.status_code}</arg>
<doc>Logs the given message to the console.</doc>
<status status="PASS" starttime="20220907 22:05:42.849" endtime="20220907 22:05:42.850"/>
</kw>
<kw name="Log To Console" library="BuiltIn">
<arg>${response.json()}</arg>
<doc>Logs the given message to the console.</doc>
<status status="PASS" starttime="20220907 22:05:42.850" endtime="20220907 22:05:42.851"/>
</kw>
<kw name="Log" library="BuiltIn">
<arg>${response.status_code}</arg>
<doc>Logs the given message with the given level.</doc>
<msg timestamp="20220907 22:05:42.852" level="INFO">201</msg>
<status status="PASS" starttime="20220907 22:05:42.851" endtime="20220907 22:05:42.852"/>
</kw>
<kw name="Log" library="BuiltIn">
<arg>${response.json()}</arg>
<doc>Logs the given message with the given level.</doc>
<msg timestamp="20220907 22:05:42.853" level="INFO">{'data': {'id': '3300', 'type': 'contacts', 'attributes': {'name': 'modern.png', 'last-name': 'Hunter', 'email': 'aaron00@example.org', 'age': 3, 'phone': '130', 'address': '5567 Ferguson Skyway Suite 228\nReginaldview, UT 94999', 'state': 'North Dakota', 'city': 'North Anthony'}}}</msg>
<status status="PASS" starttime="20220907 22:05:42.852" endtime="20220907 22:05:42.853"/>
</kw>
<status status="PASS" starttime="20220907 22:05:42.848" endtime="20220907 22:05:42.853"/>
</kw>
<status status="PASS" starttime="20220907 22:05:42.186" endtime="20220907 22:05:42.853"/>
</test>
<test id="s1-t3" name="Efetuar listagem de contatos" line="43">
<kw name="Dado que efetuar GET na API api-de-tarefas.herokuapp">
<kw name="EXECUTE">
<arg>GET</arg>
<arg>/contacts</arg>
<arg>${base_herokuapp}</arg>
<kw name="Authorization Headers">
<var>${headers}</var>
<arg>${token}</arg>
<kw name="Create Dictionary" library="BuiltIn">
<var>&amp;{headers}</var>
<arg>Authorization=${token}</arg>
<arg>Content-Type=${content_type}</arg>
<doc>Creates and returns a dictionary based on the given ``items``.</doc>
<msg timestamp="20220907 22:05:42.857" level="INFO">&amp;{headers} = { Authorization= | Content-Type=application/json }</msg>
<status status="PASS" starttime="20220907 22:05:42.856" endtime="20220907 22:05:42.857"/>
</kw>
<msg timestamp="20220907 22:05:42.857" level="INFO">${headers} = {'Authorization': '', 'Content-Type': 'application/json'}</msg>
<status status="PASS" starttime="20220907 22:05:42.856" endtime="20220907 22:05:42.857"/>
</kw>
<if>
<branch type="IF" condition="$method.upper() == 'POST'">
<kw name="POST" library="RequestsLibrary">
<var>${response}</var>
<arg>url=${link}${endpoint}</arg>
<arg>json=${body}</arg>
<arg>headers=${headers}</arg>
<arg>expected_status=any</arg>
<doc>Sends a POST request.</doc>
<status status="NOT RUN" starttime="20220907 22:05:42.857" endtime="20220907 22:05:42.857"/>
</kw>
<status status="NOT RUN" starttime="20220907 22:05:42.857" endtime="20220907 22:05:42.858"/>
</branch>
<branch type="ELSE IF" condition="$method.upper() == 'PATCH'">
<kw name="PATCH" library="RequestsLibrary">
<var>${response}</var>
<arg>url=${link}${endpoint}</arg>
<arg>json=${body}</arg>
<arg>headers=${headers}</arg>
<arg>expected_status=any</arg>
<doc>Sends a PUT request.</doc>
<status status="NOT RUN" starttime="20220907 22:05:42.858" endtime="20220907 22:05:42.858"/>
</kw>
<status status="NOT RUN" starttime="20220907 22:05:42.858" endtime="20220907 22:05:42.858"/>
</branch>
<branch type="ELSE IF" condition="$method.upper() == 'DELETE'">
<kw name="DELETE" library="RequestsLibrary">
<var>${response}</var>
<arg>url=${link}${endpoint}</arg>
<arg>headers=${headers}</arg>
<arg>expected_status=any</arg>
<doc>Sends a DELETE request.</doc>
<status status="NOT RUN" starttime="20220907 22:05:42.858" endtime="20220907 22:05:42.858"/>
</kw>
<status status="NOT RUN" starttime="20220907 22:05:42.858" endtime="20220907 22:05:42.858"/>
</branch>
<branch type="ELSE">
<if>
<branch type="IF" condition="${body} != None">
<kw name="GET" library="RequestsLibrary">
<var>${response}</var>
<arg>url=${link}${endpoint}</arg>
<arg>json=${body}</arg>
<arg>headers=${headers}</arg>
<arg>expected_status=any</arg>
<doc>Sends a GET request.</doc>
<status status="NOT RUN" starttime="20220907 22:05:42.859" endtime="20220907 22:05:42.859"/>
</kw>
<status status="NOT RUN" starttime="20220907 22:05:42.859" endtime="20220907 22:05:42.859"/>
</branch>
<branch type="ELSE">
<kw name="GET" library="RequestsLibrary">
<var>${response}</var>
<arg>url=${link}${endpoint}</arg>
<arg>headers=${headers}</arg>
<arg>expected_status=any</arg>
<doc>Sends a GET request.</doc>
<msg timestamp="20220907 22:05:44.836" level="INFO">GET Request : url=https://api-de-tarefas.herokuapp.com/contacts 
 path_url=/contacts 
 headers={'User-Agent': 'python-requests/2.28.1', 'Accept-Encoding': 'gzip, deflate', 'Accept': '*/*', 'Connection': 'keep-alive', 'Authorization': '', 'Content-Type': 'application/json'} 
 body=None 
 </msg>
<msg timestamp="20220907 22:05:44.836" level="INFO">GET Response : url=https://api-de-tarefas.herokuapp.com/contacts 
 status=200, reason=OK 
 headers={'Server': 'Cowboy', 'Date': 'Thu, 08 Sep 2022 01:05:45 GMT', 'Connection': 'keep-alive', 'Content-Type': 'application/json; charset=utf-8', 'Etag': 'W/"47b84d17ea30b53c9e39feeb9ee7adc4"', 'Cache-Control': 'max-age=0, private, must-revalidate', 'X-Request-Id': '6e97c718-e088-4c34-8ef0-d3b8b7532596', 'X-Runtime': '0.662505', 'Transfer-Encoding': 'chunked', 'Via': '1.1 vegur'} 
 body={"data":[{"id":"1396","type":"contacts","attributes":{"name":"Pablo","last-name":null,"email":"deloras@kuhlman.io","age":26,"phone":"11963551747","address":null,"state":null,"city":null}},{"id":"1319","type":"contacts","attributes":{"name":"Roberto20","last-name":"Medeiros20","email":"robertomedeiros20@gmail.com","age":15,"phone":"(62) 8237-0743","address":"Rodovia Pedro Lucas","state":"Rio Grande do Norte","city":"Itajubá"}},{"id":"1321","type":"contacts","attributes":{"name":"erick 29","last-name":"Coqueiro","email":"erick@hmail.com","age":29,"phone":"21999999999","address":"Rua cinco","state":"São Paulo","city":"São José dos Campos"}},{"id":"1322","type":"contacts","attributes":{"name":"erick 30","last-name":"Bittencourt","email":"erick@ymail.com","age":35,"phone":"(94) 7430-6861","address":"Viela Maria Laura","state":"Acre","city":"Juruaia"}},{"id":"1326","type":"contacts","attributes":{"name":"weverton 02","last-name":"souza 02","email":"wevofN@gmail.com","age":28,"phone":"21984759575","address":"Rua dois","state":"Minas Gerais","city":"Belo Horizonte"}},{"id":"1286","type":"contacts","attributes":{"name":"bruno bicha","last-name":"batista guei","email":"brunoguei2@gmail.com","age":28,"phone":"21984759575","address":"Rua dois","state":"Minas Gerais","city":"Belo Horizonte"}},{"id":"2637","type":"contacts","attributes":{"name":"Fabricio","last-name":null,"email":"asdasdkjhasddasddsadsaasasdsdf@sdasd.com","age":23,"phone":"32165498","address":"avenida ali da esquina","state":"Rio Pequeno do Leste","city":"Pão Leosoldo"}},{"id":"2659","type":"contacts","attributes":{"name":"bruno","last-name":"batista","email":"Delmer_Herzog@hotmail.com","age":28,"phone":"21984759575","address":"Rua dois","state":"Minas Gerais","city":"Belo Horizonte"}},{"id":"2660","type":"contacts","attributes":{"name":"bruno","last-name":"batista","email":"Dexter_Balistreri@hotmail.com","age":28,"phone":"21984759575","address":"Rua dois","state":"Minas Gerais","city":"Belo Horizonte"}},{"id":"1368","type":"contacts","attributes":{"name":"Teste12345","last-name":null,"email":"Olaf.Kihn47@yahoo.com","age":20,"phone":"929837366663","address":"Rua um","state":"Rio de Janeiro","city":"Rio de Janeiro"}},{"id":"161","type":"contacts","attributes":{"name":"Naldo","last-name":"batista 31","email":"janee.maggio@labadie-vonrueden.co","age":29,"phone":"11952525252","address":null,"state":"Minas Gerais","city":null}},{"id":"163","type":"contacts","attributes":{"name":"Naldo","last-name":"batista 31","email":"ammie_runte@towne.biz","age":29,"phone":"11952525252","address":"Rua tres","state":"Minas Gerais","city":"Belo Horizonte"}},{"id":"165","type":"contacts","attributes":{"name":"NaldoNomeAlterado","last-name":null,"email":"lorrine_weimann@kuvalis.com","age":29,"phone":"11952525252","address":"Rua da duvida","state":"São Paulo","city":"Robin"}},{"id":"1366","type":"contacts","attributes":{"name":"Zanin#","last-name":null,"email":"zanin@yahoo.com","age":20,"phone":"929837366663","address":"Rua um","state":"Rio de Janeiro","city":"Rio de Janeiro"}},{"id":"170","type":"contacts","attributes":{"name":"NomeAlteradoBotRichard","last-name":"batista 28","email":"so_marquardt@dickens-mckenzie.io","age":28,"phone":"11963551747","address":"Rua Dois","state":"Minas Gerais","city":"Belo Horizonte"}},{"id":"171","type":"contacts","attributes":{"name":"NomeAlteradoBot","last-name":null,"email":"josephina@collier.io","age":29,"phone":"11952525252","address":"Vou precisar aprender appium com ruby e to ferrado","state":"Httparty","city":"API e APPIUM"}},{"id":"173","type":"contacts","attributes":{"name":"NomeAlteradoBotRichard","last-name":"post 1","email":"frederick@kozey.biz","age":28,"phone":"11963551747","address":"Rua dois","state":"Minas Gerais","city":null}},{"id":"179","type":"contacts","attributes":{"name":"ALTERADO PELO ANDREZAO","last-name":"Assis","email":"delmar@okuneva-pollich.io","age":28,"phone":"11963551747","address":"Rua dois","state":"Minas Gerais","city":"Belo Horizonte"}},{"id":"191","type":"contacts","attributes":{"name":"ALTERADO PELO ANDREZAO","last-name":"Machado","email":"earnest@hodkiewicz.name","age":28,"phone":"11963551747","address":"Rua dois","state":"Minas Gerais","city":"Belo Horizonte"}},{"id":"192","type":"contacts","attributes":{"name":"Nome Alterado Por Bot","last-name":"Machado","email":"eun@gusikowski.org","age":30,"phone":"11963636363","address":"Rua dois","state":"Minas Gerais","city":"Belo Horizonte"}},{"id":"199","type":"contacts","attributes":{"name":"Nome Alterado Por Bot","last-name":"Borba","email":"alvin@zemlak.net","age":30,"phone":"11963636363","address":"Rua dois","state":"RS","city":"Porto Alegre"}},{"id":"217","type":"contacts","attributes":{"name":"Nome Alterado Por Bot","last-name":"da silva","email":"jody@ferry-hintz.name","age":30,"phone":"11963636363","address":"Rua dos Andradas","state":"Minas Gerais","city":"Barbacena"}},{"id":"57","type":"contacts","attributes":{"name":"Bulma","last-name":"Satterfield","email":"ping_smitham@watsica.biz","age":17,"phone":"21984759575","address":"Rua dois","state":"São Paulo","city":"Campinas"}},{"id":"2661","type":"contacts","attributes":{"name":"bruno","last-name":"batista","email":"Cade.Gutkowski@yahoo.com","age":28,"phone":"21984759575","address":"Rua dois","state":"Minas Gerais","city":"Belo Horizonte"}},{"id":"2644","type":"contacts","attributes":{"name":"Zanin2","last-name":null,"email":"zanin123@yahoo.com","age":20,"phone":"929837366663","address":"Rua um","state":"Rio de Janeiro","city":"Rio de Janeiro"}},{"id":"156","type":"contacts","attributes":{"name":"Naldo","last-name":"Hilpert","email":"rafael_anderson@oberbrunner.net","age":29,"phone":"11952525252","address":"TESTANDO RUBY","state":"TESTANDO RUBY","city":"TESTANDO RUBY"}},{"id":"1081","type":"contacts","attributes":{"name":"Nome Alterado Por Bot","last-name":"Fay","email":"shayne@heidenreich-walter.org","age":30,"phone":"11963636363","address":"esse endereço mesmo","state":"Sao Paulo","city":"Santos"}},{"id":"168","type":"contacts","attributes":{"name":"NomeAlteradoBotRichard","last-name":"Paiva","email":"elza.haley@mcdermott-ullrich.info","age":28,"phone":"11963551747","address":"Rua dois","state":"Minas Gerais","city":"Belo Horizonte"}},{"id":"2662","type":"contacts","attributes":{"name":"bruno","last-name":"batista","email":"Serenity0@hotmail.com","age":28,"phone":"21984759575","address":"Rua dois","state":"Minas Gerais","city":"Belo Horizonte"}},{"id":"2663","type":"contacts","attributes":{"name":"bruno","last-name":"batista","email":"Paolo2@gmail.com","age":28,"phone":"21984759575","address":"Rua dois","state":"Minas Gerais","city":"Belo Horizonte"}},{"id":"2664","type":"contacts","attributes":{"name":"bruno","last-name":"batista","email":"Twila_Homenick@gmail.com","age":28,"phone":"21984759575","address":"Rua dois","state":"Minas Gerais","city":"Belo Horizonte"}},{"id":"2665","type":"contacts","attributes":{"name":"bruno","last-name":"batista","email":"Kailey61@gmail.com","age":28,"phone":"21984759575","address":"Rua dois","state":"Minas Gerais","city":"Belo Horizonte"}},{"id":"2666","type":"contacts","attributes":{"name":"bruno","last-name":"batista","email":"Lavon23@hotmail.com","age":28,"phone":"21984759575","address":"Rua dois","state":"Minas Gerais","city":"Belo Horizonte"}},{"id":"2667","type":"contacts","attributes":{"name":"bruno","last-name":"batista","email":"Abdul_Ruecker24@yahoo.com","age":28,"phone":"21984759575","address":"Rua dois","state":"Minas Gerais","city":"Belo Horizonte"}},{"id":"2657","type":"contacts","attributes":{"name":"bruno","last-name":"batista","email":"Oleta.Yundt@gmail.com","age":28,"phone":"21984759575","address":"Rua dois","state":"Minas Gerais","city":"Belo Horizonte"}},{"id":"2668","type":"contacts","attributes":{"name":"bruno","last-name":"batista","email":"Eldora.Tremblay14@yahoo.com","age":28,"phone":"21984759575","address":"Rua dois","state":"Minas Gerais","city":"Belo Horizonte"}},{"id":"2669","type":"contacts","attributes":{"name":"bruno","last-name":"batista","email":"Juston26@gmail.com","age":28,"phone":"21984759575","address":"Rua dois","state":"Minas Gerais","city":"Belo Horizonte"}},{"id":"2670","type":"contacts","attributes":{"name":"bruno","last-name":"batista","email":"Jennifer.Baumbach@yahoo.com","age":28,"phone":"21984759575","address":"Rua dois","state":"Minas Gerais","city":"Belo Horizonte"}},{"id":"2671","type":"contacts","attributes":{"name":"bruno","last-name":"batista","email":"Nelson23@hotmail.com","age":28,"phone":"21984759575","address":"Rua dois","state":"Minas Gerais","city":"Belo Horizonte"}},{"id":"2672","type":"contacts","attributes":{"name":"bruno","last-name":"batista","email":"Carmela36@hotmail.com","age":28,"phone":"21984759575","address":"Rua dois","state":"Minas Gerais","city":"Belo Horizonte"}},{"id":"2673","type":"contacts","attributes":{"name":"bruno","last-name":"batista","email":"Pierre.Osinski@yahoo.com","age":28,"phone":"21984759575","address":"Rua dois","state":"Minas Gerais","city":"Belo Horizonte"}},{"id":"2674","type":"contacts","attributes":{"name":"bruno","last-name":"batista","email":"Samson81@hotmail.com","age":28,"phone":"21984759575","address":"Rua dois","state":"Minas Gerais","city":"Belo Horizonte"}},{"id":"2675","type":"contacts","attributes":{"name":"bruno","last-name":"batista","email":"Georgette78@hotmail.com","age":28,"phone":"21984759575","address":"Rua dois","state":"Minas Gerais","city":"Belo Horizonte"}},{"id":"2676","type":"contacts","attributes":{"name":"bruno","last-name":"batista","email":"Mariana_Swift62@gmail.com","age":28,"phone":"21984759575","address":"Rua dois","state":"Minas Gerais","city":"Belo Horizonte"}},{"id":"2658","type":"contacts","attributes":{"name":"paulo","last-name":"zanette","email":"paulozanette@gmail.com","age":28,"phone":"21984759575","address":"Rua dois","state":"Minas Gerais","city":"Belo Horizonte"}},{"id":"1371","type":"contacts","attributes":{"name":"Luiz Jose","last-nam... (set the log level to DEBUG or TRACE to see the full content) 
 </msg>
<msg timestamp="20220907 22:05:44.837" level="INFO">${response} = &lt;Response [200]&gt;</msg>
<status status="PASS" starttime="20220907 22:05:42.859" endtime="20220907 22:05:44.837"/>
</kw>
<status status="PASS" starttime="20220907 22:05:42.859" endtime="20220907 22:05:44.837"/>
</branch>
<status status="PASS" starttime="20220907 22:05:42.858" endtime="20220907 22:05:44.837"/>
</if>
<status status="PASS" starttime="20220907 22:05:42.858" endtime="20220907 22:05:44.837"/>
</branch>
<status status="PASS" starttime="20220907 22:05:42.857" endtime="20220907 22:05:44.837"/>
</if>
<kw name="Set Suite Variable" library="BuiltIn">
<arg>${response}</arg>
<doc>Makes a variable available everywhere within the scope of the current suite.</doc>
<msg timestamp="20220907 22:05:44.837" level="INFO">${response} = &lt;Response [200]&gt;</msg>
<status status="PASS" starttime="20220907 22:05:44.837" endtime="20220907 22:05:44.838"/>
</kw>
<status status="PASS" starttime="20220907 22:05:42.855" endtime="20220907 22:05:44.838"/>
</kw>
<status status="PASS" starttime="20220907 22:05:42.855" endtime="20220907 22:05:44.844"/>
</kw>
<kw name="Então retornar os dados com sucesso">
<kw name="Log To Console" library="BuiltIn">
<arg>${response.status_code}</arg>
<doc>Logs the given message to the console.</doc>
<status status="PASS" starttime="20220907 22:05:44.846" endtime="20220907 22:05:44.847"/>
</kw>
<kw name="Log To Console" library="BuiltIn">
<arg>${response.json()}</arg>
<doc>Logs the given message to the console.</doc>
<status status="PASS" starttime="20220907 22:05:44.847" endtime="20220907 22:05:47.465"/>
</kw>
<kw name="Log" library="BuiltIn">
<arg>${response.status_code}</arg>
<doc>Logs the given message with the given level.</doc>
<msg timestamp="20220907 22:05:47.465" level="INFO">200</msg>
<status status="PASS" starttime="20220907 22:05:47.465" endtime="20220907 22:05:47.465"/>
</kw>
<kw name="Log" library="BuiltIn">
<arg>${response.json()}</arg>
<doc>Logs the given message with the given level.</doc>
<msg timestamp="20220907 22:05:47.478" level="INFO">{'data': [{'id': '1396', 'type': 'contacts', 'attributes': {'name': 'Pablo', 'last-name': None, 'email': 'deloras@kuhlman.io', 'age': 26, 'phone': '11963551747', 'address': None, 'state': None, 'city': None}}, {'id': '1319', 'type': 'contacts', 'attributes': {'name': 'Roberto20', 'last-name': 'Medeiros20', 'email': 'robertomedeiros20@gmail.com', 'age': 15, 'phone': '(62) 8237-0743', 'address': 'Rodovia Pedro Lucas', 'state': 'Rio Grande do Norte', 'city': 'Itajubá'}}, {'id': '1321', 'type': 'contacts', 'attributes': {'name': 'erick 29', 'last-name': 'Coqueiro', 'email': 'erick@hmail.com', 'age': 29, 'phone': '21999999999', 'address': 'Rua cinco', 'state': 'São Paulo', 'city': 'São José dos Campos'}}, {'id': '1322', 'type': 'contacts', 'attributes': {'name': 'erick 30', 'last-name': 'Bittencourt', 'email': 'erick@ymail.com', 'age': 35, 'phone': '(94) 7430-6861', 'address': 'Viela Maria Laura', 'state': 'Acre', 'city': 'Juruaia'}}, {'id': '1326', 'type': 'contacts', 'attributes': {'name': 'weverton 02', 'last-name': 'souza 02', 'email': 'wevofN@gmail.com', 'age': 28, 'phone': '21984759575', 'address': 'Rua dois', 'state': 'Minas Gerais', 'city': 'Belo Horizonte'}}, {'id': '1286', 'type': 'contacts', 'attributes': {'name': 'bruno bicha', 'last-name': 'batista guei', 'email': 'brunoguei2@gmail.com', 'age': 28, 'phone': '21984759575', 'address': 'Rua dois', 'state': 'Minas Gerais', 'city': 'Belo Horizonte'}}, {'id': '2637', 'type': 'contacts', 'attributes': {'name': 'Fabricio', 'last-name': None, 'email': 'asdasdkjhasddasddsadsaasasdsdf@sdasd.com', 'age': 23, 'phone': '32165498', 'address': 'avenida ali da esquina', 'state': 'Rio Pequeno do Leste', 'city': 'Pão Leosoldo'}}, {'id': '2659', 'type': 'contacts', 'attributes': {'name': 'bruno', 'last-name': 'batista', 'email': 'Delmer_Herzog@hotmail.com', 'age': 28, 'phone': '21984759575', 'address': 'Rua dois', 'state': 'Minas Gerais', 'city': 'Belo Horizonte'}}, {'id': '2660', 'type': 'contacts', 'attributes': {'name': 'bruno', 'last-name': 'batista', 'email': 'Dexter_Balistreri@hotmail.com', 'age': 28, 'phone': '21984759575', 'address': 'Rua dois', 'state': 'Minas Gerais', 'city': 'Belo Horizonte'}}, {'id': '1368', 'type': 'contacts', 'attributes': {'name': 'Teste12345', 'last-name': None, 'email': 'Olaf.Kihn47@yahoo.com', 'age': 20, 'phone': '929837366663', 'address': 'Rua um', 'state': 'Rio de Janeiro', 'city': 'Rio de Janeiro'}}, {'id': '161', 'type': 'contacts', 'attributes': {'name': 'Naldo', 'last-name': 'batista 31', 'email': 'janee.maggio@labadie-vonrueden.co', 'age': 29, 'phone': '11952525252', 'address': None, 'state': 'Minas Gerais', 'city': None}}, {'id': '163', 'type': 'contacts', 'attributes': {'name': 'Naldo', 'last-name': 'batista 31', 'email': 'ammie_runte@towne.biz', 'age': 29, 'phone': '11952525252', 'address': 'Rua tres', 'state': 'Minas Gerais', 'city': 'Belo Horizonte'}}, {'id': '165', 'type': 'contacts', 'attributes': {'name': 'NaldoNomeAlterado', 'last-name': None, 'email': 'lorrine_weimann@kuvalis.com', 'age': 29, 'phone': '11952525252', 'address': 'Rua da duvida', 'state': 'São Paulo', 'city': 'Robin'}}, {'id': '1366', 'type': 'contacts', 'attributes': {'name': 'Zanin#', 'last-name': None, 'email': 'zanin@yahoo.com', 'age': 20, 'phone': '929837366663', 'address': 'Rua um', 'state': 'Rio de Janeiro', 'city': 'Rio de Janeiro'}}, {'id': '170', 'type': 'contacts', 'attributes': {'name': 'NomeAlteradoBotRichard', 'last-name': 'batista 28', 'email': 'so_marquardt@dickens-mckenzie.io', 'age': 28, 'phone': '11963551747', 'address': 'Rua Dois', 'state': 'Minas Gerais', 'city': 'Belo Horizonte'}}, {'id': '171', 'type': 'contacts', 'attributes': {'name': 'NomeAlteradoBot', 'last-name': None, 'email': 'josephina@collier.io', 'age': 29, 'phone': '11952525252', 'address': 'Vou precisar aprender appium com ruby e to ferrado', 'state': 'Httparty', 'city': 'API e APPIUM'}}, {'id': '173', 'type': 'contacts', 'attributes': {'name': 'NomeAlteradoBotRichard', 'last-name': 'post 1', 'email': 'frederick@kozey.biz', 'age': 28, 'phone': '11963551747', 'address': 'Rua dois', 'state': 'Minas Gerais', 'city': None}}, {'id': '179', 'type': 'contacts', 'attributes': {'name': 'ALTERADO PELO ANDREZAO', 'last-name': 'Assis', 'email': 'delmar@okuneva-pollich.io', 'age': 28, 'phone': '11963551747', 'address': 'Rua dois', 'state': 'Minas Gerais', 'city': 'Belo Horizonte'}}, {'id': '191', 'type': 'contacts', 'attributes': {'name': 'ALTERADO PELO ANDREZAO', 'last-name': 'Machado', 'email': 'earnest@hodkiewicz.name', 'age': 28, 'phone': '11963551747', 'address': 'Rua dois', 'state': 'Minas Gerais', 'city': 'Belo Horizonte'}}, {'id': '192', 'type': 'contacts', 'attributes': {'name': 'Nome Alterado Por Bot', 'last-name': 'Machado', 'email': 'eun@gusikowski.org', 'age': 30, 'phone': '11963636363', 'address': 'Rua dois', 'state': 'Minas Gerais', 'city': 'Belo Horizonte'}}, {'id': '199', 'type': 'contacts', 'attributes': {'name': 'Nome Alterado Por Bot', 'last-name': 'Borba', 'email': 'alvin@zemlak.net', 'age': 30, 'phone': '11963636363', 'address': 'Rua dois', 'state': 'RS', 'city': 'Porto Alegre'}}, {'id': '217', 'type': 'contacts', 'attributes': {'name': 'Nome Alterado Por Bot', 'last-name': 'da silva', 'email': 'jody@ferry-hintz.name', 'age': 30, 'phone': '11963636363', 'address': 'Rua dos Andradas', 'state': 'Minas Gerais', 'city': 'Barbacena'}}, {'id': '57', 'type': 'contacts', 'attributes': {'name': 'Bulma', 'last-name': 'Satterfield', 'email': 'ping_smitham@watsica.biz', 'age': 17, 'phone': '21984759575', 'address': 'Rua dois', 'state': 'São Paulo', 'city': 'Campinas'}}, {'id': '2661', 'type': 'contacts', 'attributes': {'name': 'bruno', 'last-name': 'batista', 'email': 'Cade.Gutkowski@yahoo.com', 'age': 28, 'phone': '21984759575', 'address': 'Rua dois', 'state': 'Minas Gerais', 'city': 'Belo Horizonte'}}, {'id': '2644', 'type': 'contacts', 'attributes': {'name': 'Zanin2', 'last-name': None, 'email': 'zanin123@yahoo.com', 'age': 20, 'phone': '929837366663', 'address': 'Rua um', 'state': 'Rio de Janeiro', 'city': 'Rio de Janeiro'}}, {'id': '156', 'type': 'contacts', 'attributes': {'name': 'Naldo', 'last-name': 'Hilpert', 'email': 'rafael_anderson@oberbrunner.net', 'age': 29, 'phone': '11952525252', 'address': 'TESTANDO RUBY', 'state': 'TESTANDO RUBY', 'city': 'TESTANDO RUBY'}}, {'id': '1081', 'type': 'contacts', 'attributes': {'name': 'Nome Alterado Por Bot', 'last-name': 'Fay', 'email': 'shayne@heidenreich-walter.org', 'age': 30, 'phone': '11963636363', 'address': 'esse endereço mesmo', 'state': 'Sao Paulo', 'city': 'Santos'}}, {'id': '168', 'type': 'contacts', 'attributes': {'name': 'NomeAlteradoBotRichard', 'last-name': 'Paiva', 'email': 'elza.haley@mcdermott-ullrich.info', 'age': 28, 'phone': '11963551747', 'address': 'Rua dois', 'state': 'Minas Gerais', 'city': 'Belo Horizonte'}}, {'id': '2662', 'type': 'contacts', 'attributes': {'name': 'bruno', 'last-name': 'batista', 'email': 'Serenity0@hotmail.com', 'age': 28, 'phone': '21984759575', 'address': 'Rua dois', 'state': 'Minas Gerais', 'city': 'Belo Horizonte'}}, {'id': '2663', 'type': 'contacts', 'attributes': {'name': 'bruno', 'last-name': 'batista', 'email': 'Paolo2@gmail.com', 'age': 28, 'phone': '21984759575', 'address': 'Rua dois', 'state': 'Minas Gerais', 'city': 'Belo Horizonte'}}, {'id': '2664', 'type': 'contacts', 'attributes': {'name': 'bruno', 'last-name': 'batista', 'email': 'Twila_Homenick@gmail.com', 'age': 28, 'phone': '21984759575', 'address': 'Rua dois', 'state': 'Minas Gerais', 'city': 'Belo Horizonte'}}, {'id': '2665', 'type': 'contacts', 'attributes': {'name': 'bruno', 'last-name': 'batista', 'email': 'Kailey61@gmail.com', 'age': 28, 'phone': '21984759575', 'address': 'Rua dois', 'state': 'Minas Gerais', 'city': 'Belo Horizonte'}}, {'id': '2666', 'type': 'contacts', 'attributes': {'name': 'bruno', 'last-name': 'batista', 'email': 'Lavon23@hotmail.com', 'age': 28, 'phone': '21984759575', 'address': 'Rua dois', 'state': 'Minas Gerais', 'city': 'Belo Horizonte'}}, {'id': '2667', 'type': 'contacts', 'attributes': {'name': 'bruno', 'last-name': 'batista', 'email': 'Abdul_Ruecker24@yahoo.com', 'age': 28, 'phone': '21984759575', 'address': 'Rua dois', 'state': 'Minas Gerais', 'city': 'Belo Horizonte'}}, {'id': '2657', 'type': 'contacts', 'attributes': {'name': 'bruno', 'last-name': 'batista', 'email': 'Oleta.Yundt@gmail.com', 'age': 28, 'phone': '21984759575', 'address': 'Rua dois', 'state': 'Minas Gerais', 'city': 'Belo Horizonte'}}, {'id': '2668', 'type': 'contacts', 'attributes': {'name': 'bruno', 'last-name': 'batista', 'email': 'Eldora.Tremblay14@yahoo.com', 'age': 28, 'phone': '21984759575', 'address': 'Rua dois', 'state': 'Minas Gerais', 'city': 'Belo Horizonte'}}, {'id': '2669', 'type': 'contacts', 'attributes': {'name': 'bruno', 'last-name': 'batista', 'email': 'Juston26@gmail.com', 'age': 28, 'phone': '21984759575', 'address': 'Rua dois', 'state': 'Minas Gerais', 'city': 'Belo Horizonte'}}, {'id': '2670', 'type': 'contacts', 'attributes': {'name': 'bruno', 'last-name': 'batista', 'email': 'Jennifer.Baumbach@yahoo.com', 'age': 28, 'phone': '21984759575', 'address': 'Rua dois', 'state': 'Minas Gerais', 'city': 'Belo Horizonte'}}, {'id': '2671', 'type': 'contacts', 'attributes': {'name': 'bruno', 'last-name': 'batista', 'email': 'Nelson23@hotmail.com', 'age': 28, 'phone': '21984759575', 'address': 'Rua dois', 'state': 'Minas Gerais', 'city': 'Belo Horizonte'}}, {'id': '2672', 'type': 'contacts', 'attributes': {'name': 'bruno', 'last-name': 'batista', 'email': 'Carmela36@hotmail.com', 'age': 28, 'phone': '21984759575', 'address': 'Rua dois', 'state': 'Minas Gerais', 'city': 'Belo Horizonte'}}, {'id': '2673', 'type': 'contacts', 'attributes': {'name': 'bruno', 'last-name': 'batista', 'email': 'Pierre.Osinski@yahoo.com', 'age': 28, 'phone': '21984759575', 'address': 'Rua dois', 'state': 'Minas Gerais', 'city': 'Belo Horizonte'}}, {'id': '2674', 'type': 'contacts', 'attributes': {'name': 'bruno', 'last-name': 'batista', 'email': 'Samson81@hotmail.com', 'age': 28, 'phone': '21984759575', 'address': 'Rua dois', 'state': 'Minas Gerais', 'city': 'Belo Horizonte'}}, {'id': '2675', 'type': 'contacts', 'attributes': {'name': 'bruno', 'last-name': 'batista', 'email': 'Georgette78@hotmail.com', 'age': 28, 'phone': '21984759575', 'address': 'Rua dois', 'state': 'Minas Gerais', 'city': 'Belo Horizonte'}}, {'id': '2676', 'type': 'contacts', 'attributes': {'name': 'bruno', 'last-name': 'batista', 'email': 'Mariana_Swift62@gmail.com', 'age': 28, 'phone': '21984759575', 'address': 'Rua dois', 'state': 'Minas Gerais', 'city': 'Belo Horizonte'}}, {'id': '2658', 'type': 'contacts', 'attributes': {'name': 'paulo', 'last-name': 'zanette', 'email': 'paulozanette@gmail.com', 'age': 28, 'phone': '21984759575', 'address': 'Rua dois', 'state': 'Minas Gerais', 'city': 'Belo Horizonte'}}, {'id': '1371', 'type': 'contacts', 'attributes': {'name': 'Luiz Jose', 'last-name': 'Paulo', 'email': 'luizpaulo@test.com', 'age': 26, 'phone': '11963551747', 'address': None, 'state': None, 'city': None}}, {'id': '1377', 'type': 'contacts', 'attributes': {'name': 'bruno', 'last-name': 'batista', 'email': 'teste1234@teste1234.com', 'age': 28, 'phone': '21984759575', 'address': 'Rua dois', 'state': 'Minas Gerais', 'city': 'Belo Horizonte'}}, {'id': '225', 'type': 'contacts', 'attributes': {'name': 'Fabricio', 'last-name': 'Assis', 'email': 'dhkjxcvxcvxcvvasd@jashdksjd.com', 'age': 22, 'phone': '321564987', 'address': 'Ruazinha 3', 'state': 'RS', 'city': 'Porto Alegre'}}, {'id': '226', 'type': 'contacts', 'attributes': {'name': 'Fabricio', 'last-name': 'Assis', 'email': 'dhkjxcvasdasdsxcvxcvvasd@jashdksjd.com', 'age': 22, 'phone': '321564987', 'address': 'Ruazinha 3', 'state': 'RS', 'city': 'Porto Alegre'}}, {'id': '227', 'type': 'contacts', 'attributes': {'name': 'Fabricio', 'last-name': 'De Assis', 'email': 'kshdlasdhkb@adkjbaskbdlas.com', 'age': 22, 'phone': '123456789', 'address': 'Rua dois', 'state': 'Minas Gerais', 'city': 'Belo Horizonte'}}, {'id': '228', 'type': 'contacts', 'attributes': {'name': 'Fabricio', 'last-name': 'De Assis', 'email': 'kshasdasdasddlasdhkb@adkjbaskbdlas.com', 'age': 22, 'phone': '123456789', 'address': 'Rua dois', 'state': 'Minas Gerais', 'city': 'Belo Horizonte'}}, {'id': '233', 'type': 'contacts', 'attributes': {'name': 'Diego', 'last-name': 'Machado', 'email': 'ssao@gfdg.com', 'age': 39, 'phone': '123456789', 'address': 'Rua dois', 'state': 'Minas Gerais', 'city': 'Belo Horizonte'}}, {'id': '234', 'type': 'contacts', 'attributes': {'name': 'João', 'last-name': 'Silva da Silva', 'email': 'joaodasilvaesilva@gmail.com', 'age': 30, 'phone': '51-999999999', 'address': 'Av. João Pessoa', 'state': 'Rio Grande do Sul', 'city': 'Porto Alegre'}}, {'id': '235', 'type': 'contacts', 'attributes': {'name': 'Fabricio', 'last-name': 'Assis Pojo Object', 'email': 'jsadkjasd@kjsndlkjsadl.com', 'age': 22, 'phone': '987654321', 'address': 'Ruazinha', 'state': 'RS', 'city': 'Porto Alegre'}}, {'id': '236', 'type': 'contacts', 'attributes': {'name': 'Tertuliano', 'last-name': 'Quaresma', 'email': 'fernando.rolim@gmail.com', 'age': 63, 'phone': '(84) 94484-0076', 'address': '928 Rodovia Letícia, Várzea da Palma, AP 20122-376', 'state': 'Minas Gerais', 'city': 'Colméia'}}, {'id': '237', 'type': 'contacts', 'attributes': {'name': 'Noah', 'last-name': 'Fogaça', 'email': 'aline.dabarra@yahoo.com', 'age': 35, 'phone': '(74) 95904-2509', 'address': '720 Travessa Patricia, Nísia Floresta, RJ 72725-915', 'state': 'Pernambuco', 'city': 'São José do Rio Preto'}}, {'id': '238', 'type': 'contacts', 'attributes': {'name': 'Emilly', 'last-name': 'Meira', 'email': 'rafaela.simoes@yahoo.com', 'age': 18, 'phone': '(28) 90058-2245', 'address': 'Casa 6 s/n Avenida Tomás Veloso, Pedra do Indaiá, AM 35834-724', 'state': 'Amapá', 'city': 'Esteio'}}, {'id': '239', 'type': 'contacts', 'attributes': {'name': 'Maria Vitória', 'last-name': 'Ramalho', 'email': 'joao.datena@yahoo.com', 'age': 57, 'phone': '(77) 97682-2293', 'address': 'Quadra 57 s/n Ponte Maria Clara, Nonoai, MA 88755-549', 'state': 'Pará', 'city': 'Juramento'}}, {'id': '240', 'type': 'contacts', 'attributes': {'name': 'Paula', 'last-name': 'Almeida', 'email': 'eduardo.madeira@gmail.com', 'age': 40, 'phone': '(45) 92640-6147', 'address': '9637 Marginal Carlos, Cruz do Espírito Santo, AC 75449-134', 'state': 'Tocantins', 'city': 'Jequitibá'}}, {'id': '241', 'type': 'contacts', 'attributes': {'name': 'Thiago', 'last-name': 'Rameira', 'email': 'pedrohenrique.freitas@gmail.com', 'age': 63, 'phone': '(35) 92948-2427', 'address': '35233 Alameda Matheus Meireles, Pindoba, RJ 86782-114', 'state': 'Pernambuco', 'city': 'Major Gercino'}}, {'id': '242', 'type': 'contacts', 'attributes': {'name': 'Ana Júlia', 'last-name': 'Soeira', 'email': 'danilo.boucas@yahoo.com', 'age': 22, 'phone': '(13) 98447-6834', 'address': '71137 Rodovia Sara Santos, Paragominas, RR 19195-291', 'state': 'Rondônia', 'city': 'Águas de Chapecó'}}, {'id': '243', 'type': 'contacts', 'attributes': {'name': 'josias', 'last-name': 'silva', 'email': 'josiasilva@bol.com.br', 'age': 32, 'phone': '984356653', 'address': 'Rua Dez', 'state': 'Acre', 'city': 'Rio Branco'}}, {'id': '244', 'type': 'contacts', 'attributes': {'name': 'Mariana', 'last-name': 'Souza', 'email': 'paula.pedroso@hotmail.com', 'age': 30, 'phone': '(27) 92610-1684', 'address': 'Apto. 420 6007 Travessa Augusto, Alto Taquari, RJ 91580-273', 'state': 'Maranhão', 'city': 'Paulo de Faria'}}, {'id': '245', 'type': 'contacts', 'attributes': {'name': 'Diego', 'last-name': 'Machado PojoObject', 'email': 'fsdfjdsf@fsaf.com', 'age': 39, 'phone': '4235545', 'address': 'rua 1', 'state': 'RS', 'city': 'POA'}}, {'id': '246', 'type': 'contacts', 'attributes': {'name': 'Yasmin', 'last-name': 'Assumpção', 'email': 'pablo.darosa@hotmail.com', 'age': 25, 'phone': '(24) 1521-2942', 'address': 'Casa 1 369 Ponte Talita Castelo, Torre de Pedra, PI 01283-531', 'state': 'Acre', 'city': 'Perobal'}}, {'id': '247', 'type': 'contacts', 'attributes': {'name': 'Augusto', 'last-name': 'da Fronteira', 'email': 'henrique.aragao@hotmail.com', 'age': 52, 'phone': '(31) 4526-2043', 'address': 's/n Rodovia João Pedro Rameira, Francisco Morato, PR 55581-270', 'state': 'Minas Gerais', 'city': 'Toropi'}}, {'id': '248', 'type': 'contacts', 'attributes': {'name': 'Mirella', 'last-name': 'da Paz', 'email': 'isabella.moreira@bol.com.br', 'age': 23, 'phone': '(86) 0403-4193', 'address': 'Sobrado 27 s/n Viela Arthur Miguel, Ladainha, AP 60391-779', 'state': 'Mato Grosso', 'city': 'Foz do Iguaçu'}}, {'id': '251', 'type': 'contacts', 'attributes': {'name': 'Augusto', 'last-name': 'Espinheira', 'email': 'benjamin.bittencourt@yahoo.com', 'age': 61, 'phone': '(63) 6465-2221', 'address': '7834 Alameda Lucas, Santana do Piauí, SP 91704-601', 'state': 'Espírito Santo', 'city': 'Japoatã'}}, {'id': '255', 'type': 'contacts', 'attributes': {'name': 'Marina', 'last-name': 'Ramires', 'email': 'francisco.caldas@hotmail.com', 'age': 55, 'phone': '(74) 3080-6752', 'address': 's/n Rodovia César Matoso, Tapira, RN 47579-803', 'state': 'Paraíba', 'city': 'Florestópolis'}}, {'id': '258', 'type': 'contacts', 'attributes': {'name': 'Beatriz', 'last-name': 'Munhoz', 'email': 'bianca.gomes@gmail.com', 'age': 31, 'phone': '(95) 4431-2858', 'address': '80597 Marginal Maria Isis, Novais, SE 36301-911', 'state': 'Piauí', 'city': 'São Felipe'}}, {'id': '257', 'type': 'contacts', 'attributes': {'name': 'Nathan', 'last-name': 'Antena', 'email': 'nataniel.dosreis@yahoo.com', 'age': 42, 'phone': '(14) 3783-0902', 'address': '87970 Viela Agatha, Uruçuca, RN 42046-138', 'state': 'Distrito Federal', 'city': 'Novo Horizonte'}}, {'id': '259', 'type': 'contacts', 'attributes': {'name': 'João', 'last-name': 'Silva da Silva', 'email': 'joaosilvadasilva@gmail.com', 'age': 30, 'phone': '51-999999999', 'address': 'Av. João Pessoa', 'state': 'Rio Grande do Sul', 'city': 'Porto Alegre'}}, {'id': '260', 'type': 'contacts', 'attributes': {'name': 'Rebeca', 'last-name': 'Garcês', 'email': 'joaogabriel.delara@live.com', 'age': 58, 'phone': '(86) 97673-4336', 'address': 's/n Rodovia Suélen', 'state': 'Rondônia', 'city': 'Tijucas do Sul'}}, {'id': '261', 'type': 'contacts', 'attributes': {'name': 'Yasmin', 'last-name': 'Caldeira', 'email': 'alessandra.junqueira@live.com', 'age': 23, 'phone': '(69) 91349-9612', 'address': '12838 Rua João Victor', 'state': 'Minas Gerais', 'city': 'Porto Vera Cruz'}}, {'id': '262', 'type': 'contacts', 'attributes': {'name': 'Agatha', 'last-name': 'Limeira', 'email': 'bruno.viveiros@bol.com.br', 'age': 46, 'phone': '(33) 98590-4924', 'address': '11426 Rua Valentina Rebouças', 'state': 'Pará', 'city': 'Croatá'}}, {'id': '390', 'type': 'contacts', 'attributes': {'name': 'Lucas', 'last-name': 'Andrade', 'email': 'teste@t.com.br', 'age': 30, 'phone': '11994321234', 'address': 'Rua Teste', 'state': 'Sao Paulo', 'city': 'Sao Paulo'}}, {'id': '263', 'type': 'contacts', 'attributes': {'name': 'Elisa', 'last-name': 'de Borba', 'email': 'joaosamuel.resende@live.com', 'age': 28, 'phone': '(64) 99864-4155', 'address': 's/n Rua Cecília', 'state': 'Piauí', 'city': 'Tupã'}}, {'id': '264', 'type': 'contacts', 'attributes': {'name': 'Ruan', 'last-name': 'Gonçalves', 'email': 'miguel.jaques@hotmail.com', 'age': 61, 'phone': '(91) 92421-9545', 'address': 's/n Alameda Tertuliano Garcês', 'state': 'Amazonas', 'city': 'Silveira Martins'}}, {'id': '265', 'type': 'contacts', 'attributes': {'name': 'Milena', 'last-name': 'Garcês', 'email': 'sophie.tavares@hotmail.com', 'age': 72, 'phone': '(91) 99663-0959', 'address': 's/n Alameda Maria Datena', 'state': 'Maranhão', 'city': 'Bento Fernandes'}}, {'id': '266', 'type': 'contacts', 'attributes': {'name': 'Contato2', 'last-name': 'Teste', 'email': 'Contato2.Teste@email.com', 'age': 43, 'phone': '51988776655', 'address': 'Rua Brasil, 1500', 'state': 'Rio Grande Do Sul', 'city': 'Porto Alegre'}}, {'id': '267', 'type': 'contacts', 'attributes': {'name': 'ContatoPojo', 'last-name': 'TestePojo', 'email': 'contatoPojo.teste2@email.com', 'age': 43, 'phone': '51977665544', 'address': 'Rua Zumbi, 1888', 'state': 'Rio Grande do Sul', 'city': 'Porto Alegre'}}, {'id': '268', 'type': 'contacts', 'attributes': {'name': 'Alexandre', 'last-name': 'Beltrão', 'email': 'meire.rameira@live.com', 'age': 113, 'phone': '(16) 93264-4730', 'address': '0815 Rodovia Felipe Pinto, Mataraca, TO 88226-697', 'state': 'Santa Catarina', 'city': 'Alvorada de Minas'}}, {'id': '1827', 'type': 'contacts', 'attributes': {'name': 'Lucas', 'last-name': 'Ribeiro', 'email': 'lucas@ribeiro.com', 'age': 26, 'phone': '27992265954', 'address': 'Rua 7', 'state': 'Espírito Santo', 'city': 'Vila Velha'}}, {'id': '270', 'type': 'contacts', 'attributes': {'name': 'Vinicius', 'last-name': 'Ximenes', 'email': 'bruno.ribeiro@live.com', 'age': 32, 'phone': '(28) 94802-5234', 'address': 's/n Alameda Maria Laura, Ramilândia, GO 41149-352', 'state': 'Rondônia', 'city': 'Brejo Santo'}}, {'id': '271', 'type': 'contacts', 'attributes': {'name': 'Joaquim', 'last-name': 'Espinhosa', 'email': 'joaovictor.pinheira@bol.com.br', 'age': 72, 'phone': '(46) 95509-4783', 'address': 'Lote 45 619 Travessa Joaquim Araújo, Boa Vista do Cadeado, RR 07855-137', 'state': 'Espírito Santo', 'city': 'Coqueiro Baixo'}}, {'id': '272', 'type': 'contacts', 'attributes': {'name': 'Tomás', 'last-name': 'Fontes', 'email': 'gael.madeira@hotmail.com', 'age': 74, 'phone': '(32) 91482-2566', 'address': 'Quadra 27 s/n Marginal Nataniel Solimões, Tarumirim, RS 16820-839', 'state': 'Amazonas', 'city': 'Contendas do Sincorá'}}, {'id': '273', 'type': 'contacts', 'attributes': {'name': 'Kléber', 'last-name': 'Novaes', 'email': 'mariasophia.almada@bol.com.br', 'age': 51, 'phone': '(95) 97090-2094', 'address': 'Apto. 672 833 Alameda Kauê, Lauro Muller, RJ 04227-272', 'state': 'Acre', 'city': 'São João das Duas Pontes'}}, {'id': '329', 'type': 'contacts', 'attributes': {'name': 'Marcelo', 'last-name': None, 'email': 'marcelo@emaill.com.br', 'age': 21, 'phone': '123456789', 'address': None, 'state': 'São Paulo', 'city': 'São Paulo'}}, {'id': '330', 'type': 'contacts', 'attributes': {'name': 'RaphaelPost', 'last-name': 'MathiasPost', 'email': 'maetaas@gmail.com', 'age': 19, 'phone': '3252423523', 'address': 'rua quiririm', 'state': 'Rio de janeiro', 'city': 'rio de janeiro'}}, {'id': '253', 'type': 'contacts', 'attributes': {'name': 'Mateus 24', 'last-name': 'Monteira', 'email': 'Mateus321524@gmail.com', 'age': 18, 'phone': '139999999996', 'address': 'Rua dois', 'state': 'São Paulo', 'city': 'São Paulo'}}, {'id': '1834', 'type': 'contacts', 'attributes': {'name': 'Helaine', 'last-name': 'batista', 'email': 'helaine@gmail.com', 'age': 28, 'phone': '21994759575', 'address': 'Rua dois', 'state': 'Minas Gerais', 'city': 'Belo Horizonte'}}, {'id': '1841', 'type': 'contacts', 'attributes': {'name': 'Automação45363', 'last-name': 'blablabla', 'email': 'testeauto852@gmail.com', 'age': 28, 'phone': '219847598758', 'address': 'Rua dois', 'state': 'Alagoas', 'city': 'Alagoas'}}, {'id': '1846', 'type': 'contacts', 'attributes': {'name': 'Gabriel C', 'last-name': 'Astolfo', 'email': 'Astolfo6969@gmail.com', 'age': 24, 'phone': '21984759575', 'address': 'Rua meio-nove', 'state': 'Maceio', 'city': 'Sao paulo'}}, {'id': '1847', 'type': 'contacts', 'attributes': {'name': 'Gabriel C', 'last-name': 'Astolfo', 'email': 'GakShower@gmail.com', 'age': 24, 'phone': '21984759575', 'address': 'Rua meio-nove', 'state': 'Maceio', 'city': 'Sao paulo'}}, {'id': '307', 'type': 'contacts', 'attributes': {'name': 'bruno', 'last-name': 'ramos', 'email': 'brunor@gmail.com', 'age': 31, 'phone': '21984759575', 'address': 'Rua tres', 'state': 'Santa Catarina', 'city': 'Florianópolis'}}, {'id': '309', 'type': 'contacts', 'attributes': {'name': 'Arthur Henrique', 'last-name': 'Ramalho', 'email': 'sophia.cerqueira@bol.com.br', 'age': 47, 'phone': '(97) 96095-1970', 'address': 'Quadra 38 39940 Viela Washington, Martinópolis, MT 09546-497', 'state': 'Bahia', 'city': 'Axixá do Tocantins'}}, {'id': '310', 'type': 'contacts', 'attributes': {'name': 'Talita', 'last-name': 'Pinto', 'email': 'joaovictor.araujo@bol.com.br', 'age': 57, 'phone': '(99) 96269-9593', 'address': '4903 Viela Bruna de Assunção, Aguiar, DF 47298-916', 'state': 'Paraíba', 'city': 'São Valentim'}}, {'id': '311', 'type': 'contacts', 'attributes': {'name': 'Maria Helena', 'last-name': 'Albuquerque', 'email': 'suelen.teixeira@gmail.com', 'age': 62, 'phone': '(73) 98014-9370', 'address': 'Casa 1 s/n Travessa Alessandro, São Miguel do Oeste, SE 15043-026', 'state': 'Amazonas', 'city': 'Álvaro de Carvalho'}}, {'id': '312', 'type': 'contacts', 'attributes': {'name': 'Maria Fernanda', 'last-name': 'Diegues', 'email': 'joaovictor.dafronteira@gmail.com', 'age': 48, 'phone': '(64) 90825-8287', 'address': 'Casa 5 5999 Alameda Sirineu Ouriques, Mundo Novo, PA 41029-456', 'state': 'Distrito Federal', 'city': 'Nova Itarana'}}, {'id': '327', 'type': 'contacts', 'attributes': {'name': 'raphael victor postdsfrr', 'last-name': 'ribeira de paula postfdfdrr', 'email': 'raphael.ribeira3033300@gmail.com', 'age': 23, 'phone': '12981704848', 'address': None, 'state': 'Sao Paulo', 'city': 'Sao Jose dos Campos'}}, {'id': '314', 'type': 'contacts', 'attributes': {'name': 'Ana Clara', 'last-name': 'Veloso', 'email': 'leonardo.delins@gmail.com', 'age': 124, 'phone': '(34) 90460-1289', 'address': '519 Avenida Elísio, Campina do Simão, MA 73461-330', 'state': 'Roraima', 'city': 'Lutécia'}}, {'id': '316', 'type': 'contacts', 'attributes': {'name': 'bruno', 'last-name': 'ramos', 'email': 'brunolr@gmail.com', 'age': 30, 'phone': '21984759575', 'address': 'Rua tres', 'state': 'Santa Catarina', 'city': 'Florianópolis'}}, {'id': '317', 'type': 'contacts', 'attributes': {'name': 'Matheus', 'last-name': 'Sales', 'email': 'francisco.ferraco@bol.com.br', 'age': 98, 'phone': '(94) 97980-9117', 'address': 'Casa 6 s/n Travessa Manuela, Inconfidentes, PB 61574-685', 'state': 'Tocantins', 'city': 'Iracemápolis'}}, {'id': '318', 'type': 'contacts', 'attributes': {'name': 'Milena', 'last-name': 'Caldas', 'email': 'vitorhugo.deborba@bol.com.br', 'age': 107, 'phone': '(51) 93258-5202', 'address': '12608 Marginal Tiago, Vista Serrana, GO 32723-996', 'state': 'Ceará', 'city': 'Campo do Meio'}}, {'id': '319', 'type': 'contacts', 'attributes': {'name': 'Pedro Tobias', 'last-name': 'Jesus', 'email': 'emanuelly.correa@gmail.com', 'age': 21, 'phone': '(69) 98567-4361', 'address': 'Casa 6 913 Travessa Isabel, Munhoz de Melo, PI 16665-864', 'state': 'Roraima', 'city': 'Alto Caparaó'}}, {'id': '320', 'type': 'contacts', 'attributes': {'name': 'Ana Luiza', 'last-name': 'Figueira', 'email': 'davilucca.darocha@bol.com.br', 'age': 37, 'phone': '(24) 90343-0240', 'address': 'Sobrado 62 s/n Alameda Vitória da Barranca, Jardim Olinda, RO 25268-805', 'state': 'Paraíba', 'city': 'Botuverá'}}, {'id': '42', 'type': 'contacts', 'attributes': {'name': 'Marcelo Alves', 'last-name': 'Alves', 'email': 'marceloo@example.com', 'age': 21, 'phone': '12981704848', 'address': 'Rua Oriente', 'state': 'Sao Paulo', 'city': 'Sao Paulo'}}, {'id': '322', 'type': 'contacts', 'attributes': {'name': 'Raphael', 'last-name': 'Mathias', 'email': 'mathias@gmail.com', 'age': 19, 'phone': '21971668475', 'address': 'rua quiririm', 'state': 'Rio de janeiro', 'city': 'rio de janeiro'}}, {'id': '323', 'type': 'contacts', 'attributes': {'name': 'putRaphaelPost', 'last-name': 'putMathiasPost', 'email': 'putmaithiias@gmail.com', 'age': 19, 'phone': '3252423523', 'address': 'rua quiririm', 'state': 'Rio de janeiro', 'city': 'rio de janeiro'}}, {'id': '324', 'type': 'contacts', 'attributes': {'name': 'patchRaphaelPost', 'last-name': 'patchMathiasPost', 'email': 'patchmaithiias@gmail.com', 'age': 19, 'phone': '3252423523', 'address': 'rua quiririm', 'state': 'Rio de janeiro', 'city': 'rio de janeiro'}}, {'id': '326', 'type': 'contacts', 'attributes': {'name': 'raphael victor', 'last-name': 'ribeira de paula', 'email': 'raphael.ribeira@gmail.com', 'age': 23, 'phone': '12981704848', 'address': None, 'state': 'Sao Paulo', 'city': 'Sao Jose dos Campos'}}, {'id': '343', 'type': 'contacts', 'attributes': {'name': 'Amycus Carrow', 'last-name': 'Hufflepuff', 'email': 'moshe.littel@stamm-blanda.io', 'age': 11, 'phone': '1234421111', 'address': 'Rua da Nath', 'state': 'São Paulo', 'city': 'São Paulo'}}, {'id': '336', 'type': 'contacts', 'attributes': {'name': 'nathalia', 'last-name': 'freire', 'email': 'nath@gmail.com', 'age': 32, 'phone': '21984759575', 'address': 'Rua dois', 'state': 'Minas Gerais', 'city': 'Belo Horizonte'}}, {'id': '337', 'type': 'contacts', 'attributes': {'name': 'Nathalia', 'last-name': 'Freire', 'email': 'nat12@gmail.com', 'age': 32, 'phone': '1234421111', 'address': 'Rua da Nath', 'state': 'São Paulo', 'city': 'São Paulo'}}, {'id': '338', 'type': 'contacts', 'attributes': {'name': 'Nathalia', 'last-name': 'Freire', 'email': 'rodney@williamson.com', 'age': 32, 'phone': '1234421111', 'address': 'Rua da Nath', 'state': 'São Paulo', 'city': 'São Paulo'}}, {'id': '339', 'type': 'contacts', 'attributes': {'name': 'Nathalia', 'last-name': 'Freire', 'email': 'terrance@hermiston-becker.org', 'age': 32, 'phone': '1234421111', 'address': 'Rua da Nath', 'state': 'São Paulo', 'city': 'São Paulo'}}, {'id': '344', 'type': 'contacts', 'attributes': {'name': 'Elphias Doge', 'last-name': 'Pukwudgie', 'email': 'julian@kirlin.info', 'age': 95, 'phone': '1-970-399-4346', 'address': 'Borgin &amp; Burkes Street', 'state': 'Borgin &amp; Burkes', 'city': 'Platform 9 3/4'}}, {'id': '340', 'type': 'contacts', 'attributes': {'name': 'Salazar Slytherin', 'last-name': 'Faker::Movies::HarryPotter', 'email': 'january@keebler-schmeler.info', 'age': 32, 'phone': '1234421111', 'address': 'Rua da Nath', 'state': 'São Paulo', 'city': 'São Paulo'}}, {'id': '341', 'type': 'contacts', 'attributes': {'name': 'Elphias Doge', 'last-name': 'Faker::Movies::HarryPotter', 'email': 'patience.torp@walker-feil.org', 'age': 32, 'phone': '1234421111', 'address': 'Rua da Nath', 'state': 'São Paulo', 'city': 'São Paulo'}}, {'id': '342', 'type': 'contacts', 'attributes': {'name': 'Trevor', 'last-name': 'Hufflepuff', 'email': 'morton@cummings-fritsch.com', 'age': 16, 'phone': '1234421111', 'address': 'Rua da Nath', 'state': 'São Paulo', 'city': 'São Paulo'}}, {'id': '345', 'type': 'contacts', 'attributes': {'name': 'Pigwidgeon', 'last-name': 'Hufflepuff', 'email': 'burton@herzog.com', 'age': 54, 'phone': '(835) 880-3204', 'address': "The Hog's Head Street", 'state': 'Diagon Alley', 'city': 'Ministry of Magic'}}, {'id': '346', 'type': 'contacts', 'attributes': {'name': 'Roger Davies', 'last-name': 'Slytherin', 'email': 'elia_schowalter@oberbrunner-prohaska.net', 'age': 97, 'phone': '(221) 279-5838', 'address': 'Ollivanders Street', 'state': 'Platform 9 3/4', 'city': 'Ollivanders'}}, {'id': '347', 'type': 'contacts', 'attributes': {'name': 'Walden Macnair', 'last-name': 'Pukwudgie', 'email': 'wilson_ledner@marquardt-wyman.com', 'age': 35, 'phone': '(323) 111-0207', 'address': 'Ilvermorny Street', 'state': "Sinner's End", 'city': 'Ilvermorny'}}, {'id': '348', 'type': 'contacts', 'attributes': {'name': 'Dobby', 'last-name': 'Horned Serpent', 'email': 'lacy@olson-watsica.com', 'age': 70, 'phone': '180-611-7699', 'address': 'Knockturn Alley Street', 'state': 'Flourish &amp; Blotts', 'city': 'Slug and Jiggers Apothecary'}}, {'id': '349', 'type': 'contacts', 'attributes': {'name': 'Gideon Prewett', 'last-name': 'Hufflepuff', 'email': 'enrique@graham-conn.co', 'age': 28, 'phone': '1-606-811-6847', 'address': 'Ministry of Magic Street', 'state': "St. Mungo's Hospital for Magical Maladies and Injuries", 'city': "Potage's Cauldron Shop"}}, {'id': '350', 'type': 'contacts', 'attributes': {'name': 'Pansy Parkinson', 'last-name': 'Hufflepuff', 'email': 'william@hammes.com', 'age': 7, 'phone': '259-232-4312', 'address': 'Hogsmeade Station Street', 'state': 'Hogsmeade Station', 'city': "Godric's Hollow"}}, {'id': '351', 'type': 'contacts', 'attributes': {'name': 'Lucius Malfoy', 'last-name': 'Pukwudgie', 'email': 'denisse@hand-lakin.org', 'age': 44, 'phone': '(593) 843-9253', 'address': 'Uagadou Street', 'state': 'Knockturn Alley', 'city': 'Dervish &amp; Banges'}}, {'id': '352', 'type': 'contacts', 'attributes': {'name': 'Lily Potter', 'last-name': 'Wampus', 'email': 'chase@pfannerstill-watsica.com', 'age': 6, 'phone': '(349) 983-6281', 'address': 'Platform 9 3/4 Street', 'state': 'Shrieking Shack', 'city': 'Dervish &amp; Banges'}}, {'id': '353', 'type': 'contacts', 'attributes': {'name': 'Rowena Ravenclaw', 'last-name': 'Slytherin', 'email': 'janet@goyette-nader.info', 'age': 10, 'phone': '631.806.8478', 'address': 'Hogsmeade Station Street', 'state': 'Gringotts Wizarding Bank', 'city': "Potage's Cauldron Shop"}}, {'id': '354', 'type': 'contacts', 'attributes': {'name': 'Griphook', 'last-name': 'Hufflepuff', 'email': 'kum_bernier@gerhold.org', 'age': 86, 'phone': '1-362-247-9862', 'address': 'The Three Broomsticks Street', 'state': 'Post Office', 'city': 'Hogwarts'}}, {'id': '355', 'type': 'contacts', 'attributes': {'name': 'Mafalda Hopkirk', 'last-name': 'Gryffindor', 'email': 'nestor.gorczany@hodkiewicz.net', 'age': 39, 'phone': '(114) 838-4253', 'address': "Madam Malkin's Robes for All Occasions Street", 'state': "Weasleys' Wizard Wheezes", 'city': 'Uagadou'}}, {'id': '356', 'type': 'contacts', 'attributes': {'name': 'Newt Scamander', 'last-name': 'Ravenclaw', 'email': 'parker@rodriguez.name', 'age': 87, 'phone': '1-905-975-4190', 'address': 'Knockturn Alley Street', 'state': 'Durmstrang', 'city': 'Platform 9 3/4'}}, {'id': '357', 'type': 'contacts', 'attributes': {'name': 'The Fat Friar', 'last-name': 'Hufflepuff', 'email': 'jerrell@greenholt-lehner.name', 'age': 75, 'phone': '185-795-5423', 'address': "Potage's Cauldron Shop Street", 'state': "Twilfitt and Tatting's", 'city': 'Azkaban'}}, {'id': '358', 'type': 'contacts', 'attributes': {'name': 'Pomona Sprout', 'last-name': 'Pukwudgie', 'email': 'benedict@kuvalis.info', 'age': 80, 'phone': '1-612-242-5962', 'address': 'Castlelobruxo Street', 'state': 'Hogsmeade Station', 'city': 'Shell Cottage'}}, {'id': '359', 'type': 'contacts', 'attributes': {'name': 'Rita Skeeter', 'last-name': 'Hufflepuff', 'email': 'jeremy@murray-metz.info', 'age': 53, 'phone': '(307) 373-7071', 'address': "Potage's Cauldron Shop Street", 'state': 'Uagadou', 'city': 'Flourish &amp; Blotts'}}, {'id': '360', 'type': 'contacts', 'attributes': {'name': 'Anthony Goldstein', 'last-name': 'Pukwudgie', 'email': 'philip@glover.io', 'age': 63, 'phone': '1-251-362-9732', 'address': 'Uagadou Street', 'state': "Sinner's End", 'city': 'Gladrags Wizardwear'}}, {'id': '361', 'type': 'contacts', 'attributes': {'name': 'George Weasley', 'last-name': 'Hufflepuff', 'email': 'angelo@morissette-schaefer.com', 'age': 88, 'phone': '283.694.0041', 'address': "Sinner's End Street", 'state': 'Hogsmeade Station', 'city': 'Malfoy Manor'}}, {'id': '362', 'type': 'contacts', 'attributes': {'name': 'Zacharias Smith', 'last-name': 'Ravenclaw', 'email': 'ty_beer@anderson-okuneva.io', 'age': 62, 'phone': '444-865-5677', 'address': 'Platform 9 3/4 Street', 'state': 'The Three Broomsticks', 'city': "Madam Malkin's Robes for All Occasions"}}, {'id': '1266', 'type': 'contacts', 'attributes': {'name': 'Enzo Miguel', 'last-name': None, 'email': 'rolf.bins@upton-hansen.net', 'age': 26, 'phone': '11963551747', 'address': None, 'state': None, 'city': None}}, {'id': '1269', 'type': 'contacts', 'attributes': {'name': 'Enzo', 'last-name': None, 'email': 'harriet@friesen.biz', 'age': 26, 'phone': '11963551747', 'address': None, 'state': None, 'city': None}}, {'id': '363', 'type': 'contacts', 'attributes': {'name': 'Marcus Flint', 'last-name': 'Gryffindor', 'email': 'ashlie.greenfelder@becker.name', 'age': 74, 'phone': '(254) 815-3335', 'address': 'Ollivanders Street', 'state': 'The Burrow', 'city': 'Post Office'}}, {'id': '364', 'type': 'contacts', 'attributes': {'name': 'Aberforth Dumbledore', 'last-name': 'Ravenclaw', 'email': 'roselyn_hintz@gleichner.net', 'age': 75, 'phone': '1-779-680-5990', 'address': "Twilfitt and Tatting's Street", 'state': 'Gladrags Wizardwear', 'city': "St. Mungo's Hospital for Magical Maladies and Injuries"}}, {'id': '365', 'type': 'contacts', 'attributes': {'name': 'Heromine Granger', 'last-name': 'Slytherin', 'email': 'alina@greenfelder.co', 'age': 2, 'phone': '895.184.2732', 'address': 'Stalls Street', 'state': "Scrivenshaft's Quill Shop", 'city': "Scrivenshaft's Quill Shop"}}, {'id': '366', 'type': 'contacts', 'attributes': {'name': 'Ted Tonks', 'last-name': 'Hufflepuff', 'email': 'chuck.schultz@bergnaum-vandervort.net', 'age': 27, 'phone': '226-995-6508', 'address': 'Malfoy Manor Street', 'state': "Wiseacre's Wizarding Equipment", 'city': 'Gambol and Japes'}}, {'id': '367', 'type': 'contacts', 'attributes': {'name': 'Mr. Roberts', 'last-name': 'Hufflepuff', 'email': 'beata_reilly@schaefer.name', 'age': 7, 'phone': '1-799-364-5575', 'address': "Weasleys' Wizard Wheezes Street", 'state': 'Platform 9 3/4', 'city': 'Numengard'}}, {'id': '368', 'type': 'contacts', 'attributes': {'name': 'Ignotus Peverell', 'last-name': 'Ravenclaw', 'email': 'earnest@abernathy.org', 'age': 15, 'phone': '134.143.9777', 'address': 'Dervish &amp; Banges Street', 'state': 'Dervish &amp; Banges', 'city': "Madam Malkin's Robes for All Occasions"}}, {'id': '369', 'type': 'contacts', 'attributes': {'name': 'The Bloody Baron', 'last-name': 'Thunderbird', 'email': 'christie@harris.net', 'age': 92, 'phone': '(873) 288-3951', 'address': "Scrivenshaft's Quill Shop Street", 'state': 'Beauxbatons', 'city': "Madam Puddifoot's"}}, {'id': '370', 'type': 'contacts', 'attributes': {'name': 'Fleur Delacour', 'last-name': 'Pukwudgie', 'email': 'peg@lesch.org', 'age': 95, 'phone': '(360) 582-2137', 'address': 'Gladrags Wizardwear Street', 'state': 'Numengard', 'city': 'Hogwarts'}}, {'id': '371', 'type': 'contacts', 'attributes': {'name': 'Fawkes', 'last-name': 'Wampus', 'email': 'rupert@kuhlman.io', 'age': 33, 'phone': '538.563.2239', 'address': 'Castlelobruxo Street', 'state': 'The Three Broomsticks', 'city': 'Shell Cottage'}}, {'id': '372', 'type': 'contacts', 'attributes': {'name': 'Ronan', 'last-name': 'Slytherin', 'email': 'chong@nader-kreiger.net', 'age': 28, 'phone': '702-549-7112', 'address': 'Shrieking Shack Street', 'state': 'Gambol and Japes', 'city': 'Ollivanders'}}, {'id': '373', 'type': 'contacts', 'attributes': {'name': 'Regulus Arcturus Black', 'last-name': 'Thunderbird', 'email': 'emilia_dooley@abernathy.com', 'age': 89, 'phone': '1-641-841-0490', 'address': 'Magical Menagerie Street', 'state': 'Gambol and Japes', 'city': 'Ilvermorny'}}, {'id': '374', 'type': 'contacts', 'attributes': {'name': 'Aberforth Dumbledore', 'last-name': 'Wampus', 'email': 'naida@boyer.org', 'age': 16, 'phone': '239.069.8071', 'address': 'Stalls Street', 'state': 'Number 12, Grimmauld Place', 'city': "Twilfitt and Tatting's"}}, {'id': '375', 'type': 'contacts', 'attributes': {'name': 'Albert Runcorn', 'last-name': 'Pukwudgie', 'email': 'ronny@jast-west.org', 'age': 38, 'phone': '431.814.4584', 'address': "Wiseacre's Wizarding Equipment Street", 'state': 'Numengard', 'city': "Madam Puddifoot's"}}, {'id': '376', 'type': 'contacts', 'attributes': {'name': 'Gilderoy Lockhart', 'last-name': 'Hufflepuff', 'email': 'jerry@heathcote-adams.biz', 'age': 2, 'phone': '(443) 750-2339', 'address': 'Honeydukes Street', 'state': 'Hogsmeade Station', 'city': 'Post Office'}}, {'id': '377', 'type': 'contacts', 'attributes': {'name': 'Rodolphus Lestrange', 'last-name': 'Wampus', 'email': 'vesta@keeling.info', 'age': 48, 'phone': '(234) 252-4833', 'address': 'Post Office Street', 'state': 'Quality Quidditch Shop', 'city': 'Gladrags Wizardwear'}}, {'id': '378', 'type': 'contacts', 'attributes': {'name': 'Enid', 'last-name': 'Gryffindor', 'email': 'elvia@lindgren-bogan.info', 'age': 67, 'phone': '456-736-9688', 'address': 'Shrieking Shack Street', 'state': 'Gambol and Japes', 'city': 'Stalls'}}, {'id': '379', 'type': 'contacts', 'attributes': {'name': 'Draco Malfoy', 'last-name': 'Wampus', 'email': 'tristan.bruen@schoen.com', 'age': 46, 'phone': '(229) 618-1210', 'address': 'Beauxbatons Street', 'state': 'Hogsmeade', 'city': "Sinner's End"}}, {'id': '380', 'type': 'contacts', 'attributes': {'name': 'Ronan', 'last-name': 'Ravenclaw', 'email': 'douglass@rolfson-kris.io', 'age': 62, 'phone': '(885) 587-5158', 'address': 'Number 12, Grimmauld Place Street', 'state': 'Gambol and Japes', 'city': "Wiseacre's Wizarding Equipment"}}, {'id': '381', 'type': 'contacts', 'attributes': {'name': 'Albus Dumbledore', 'last-name': 'Wampus', 'email': 'nat@gmail.com', 'age': 36, 'phone': '(811) 096-6438', 'address': 'Malfoy Manor Street', 'state': 'Hogsmeade', 'city': 'Borgin &amp; Burkes'}}, {'id': '383', 'type': 'contacts', 'attributes': {'name': 'Narcissa Malfoy', 'last-name': 'Thunderbird', 'email': 'joye.sawayn@turcotte.biz', 'age': 23, 'phone': '662.975.2278', 'address': 'Slug and Jiggers Apothecary Street', 'state': "Zonko's Joke Shop", 'city': 'Numengard'}}, {'id': '384', 'type': 'contacts', 'attributes': {'name': 'Ludo Bagman', 'last-name': 'Gryffindor', 'email': 'devin@orn.info', 'age': 86, 'phone': '1-605-920-2020', 'address': 'Shell Cottage Street', 'state': 'Hogwarts', 'city': 'Dervish &amp; Banges'}}, {'id': '385', 'type': 'contacts', 'attributes': {'name': 'Beedle the Bard', 'last-name': 'Wampus', 'email': 'britney_jerde@deckow-braun.info', 'age': 4, 'phone': '338-694-8617', 'address': 'Flourish &amp; Blotts Street', 'state': 'Post Office', 'city': 'Ministry of Magic'}}, {'id': '386', 'type': 'contacts', 'attributes': {'name': 'James Potter', 'last-name': 'Ravenclaw', 'email': 'tracee.ratke@waters-dibbert.co', 'age': 51, 'phone': '(275) 438-5024', 'address': 'Shrieking Shack Street', 'state': 'Number 12, Grimmauld Place', 'city': 'Borgin &amp; Burkes'}}, {'id': '387', 'type': 'contacts', 'attributes': {'name': 'Lord Voldemort', 'last-name': 'Hufflepuff', 'email': 'candis@king.org', 'age': 61, 'phone': '1-450-233-6119', 'address': 'Knockturn Alley Street', 'state': "Twilfitt and Tatting's", 'city': "St. Mungo's Hospital for Magical Maladies and Injuries"}}, {'id': '388', 'type': 'contacts', 'attributes': {'name': 'Albus Dumbledore', 'last-name': 'Gryffindor', 'email': 'lonnie.balistreri@swaniawski.org', 'age': 59, 'phone': '(797) 164-1350', 'address': 'Hogsmeade Street', 'state': 'Durmstrang', 'city': 'Stalls'}}, {'id': '563', 'type': 'contacts', 'attributes': {'name': 'Le', 'last-name': 'Silva', 'email': 'brunobatista66@gmail.com', 'age': 28, 'phone': '21984759575', 'address': 'Rua dois', 'state': 'Minas Gerais', 'city': 'Belo Horizonte'}}, {'id': '391', 'type': 'contacts', 'attributes': {'name': 'nathalia', 'last-name': 'freire', 'email': 'freire@gmail.com', 'age': 32, 'phone': '21984759575', 'address': 'Rua dois', 'state': 'Minas Gerais', 'city': 'Belo Horizonte'}}, {'id': '392', 'type': 'contacts', 'attributes': {'name': 'Cadmus Peverell', 'last-name': 'Wampus', 'email': 'khadijah@shields-doyle.co', 'age': 70, 'phone': '(978) 284-8266', 'address': 'Magical Menagerie Street', 'state': 'Shell Cottage', 'city': "Madam Puddifoot's"}}, {'id': '393', 'type': 'contacts', 'attributes': {'name': 'Demelza Robins', 'last-name': 'Pukwudgie', 'email': 'mariano.hagenes@bayer.com', 'age': 19, 'phone': '(911) 576-5110', 'address': 'Stalls Street', 'state': "Madam Puddifoot's", 'city': 'Uagadou'}}, {'id': '564', 'type': 'contacts', 'attributes': {'name': 'Maria', 'last-name': 'Leticia', 'email': 'male1@gmail.com', 'age': 21, 'phone': '21984759575', 'address': 'Rua dois', 'state': 'Minas Gerais', 'city': 'Belo Horizonte'}}, {'id': '573', 'type': 'contacts', 'attributes': {'name': 'bruno batista 2', 'last-name': 'batista 2', 'email': 'brunotop999@gmail.com', 'age': 28, 'phone': '219847595715', 'address': 'Rua dois', 'state': 'Minas Gerais', 'city': 'Belo Horizonte'}}, {'id': '395', 'type': 'contacts', 'attributes': {'name': 'Terry Boot', 'last-name': 'Ravenclaw', 'email': 'annelle@abbott-hegmann.co', 'age': 5, 'phone': '1-857-854-7643', 'address': "Wiseacre's Wizarding Equipment Street", 'state': 'Malfoy Manor', 'city': 'Durmstrang'}}, {'id': '396', 'type': 'contacts', 'attributes': {'name': 'Yaxley', 'last-name': 'Hufflepuff', 'email': 'yetta.mann@zemlak-osinski.io', 'age': 3, 'phone': '975.827.8413', 'address': "The Hog's Head Street", 'state': "Madam Puddifoot's", 'city': "Godric's Hollow"}}, {'id': '397', 'type': 'contacts', 'attributes': {'name': 'Viktor Krum', 'last-name': 'Horned Serpent', 'email': 'renaldo_dickens@abbott.com', 'age': 56, 'phone': '(738) 728-2083', 'address': 'Shrieking Shack Street', 'state': 'Eeylops Owl Emporium', 'city': 'Shell Cottage'}}, {'id': '398', 'type': 'contacts', 'attributes': {'name': 'Rita Skeeter', 'last-name': 'Pukwudgie', 'email': 'graciela@quigley.name', 'age': 11, 'phone': '160.693.8915', 'address': 'Eeylops Owl Emporium Street', 'state': 'Gladrags Wizardwear', 'city': 'Dervish &amp; Banges'}}, {'id': '399', 'type': 'contacts', 'attributes': {'name': 'Travers', 'last-name': 'Ravenclaw', 'email': 'efren@goyette.co', 'age': 25, 'phone': '216.378.1644', 'address': 'Castlelobruxo Street', 'state': 'Azkaban', 'city': "Wiseacre's Wizarding Equipment"}}, {'id': '400', 'type': 'contacts', 'attributes': {'name': 'Mr. Roberts', 'last-name': 'Thunderbird', 'email': 'jonathan@okuneva.com', 'age': 77, 'phone'
[...]
36300800@gmail.com', 'age': 28, 'phone': '219847595752', 'address': 'Rua dois', 'state': 'Minas Gerais', 'city': 'Belo Horizonte'}}, {'id': '3072', 'type': 'contacts', 'attributes': {'name': 'bruno2', 'last-name': 'batista2', 'email': 'allanteste359932898616500@gmail.com', 'age': 28, 'phone': '219847595752', 'address': 'Rua dois', 'state': 'Minas Gerais', 'city': 'Belo Horizonte'}}, {'id': '3073', 'type': 'contacts', 'attributes': {'name': 'bruno2ALterado', 'last-name': None, 'email': 'allanteste359934373283000@gmail.com', 'age': 33, 'phone': '21123456789', 'address': None, 'state': None, 'city': None}}, {'id': '3074', 'type': 'contacts', 'attributes': {'name': 'bruno2', 'last-name': 'batista2', 'email': 'allanteste359935954615000@gmail.com', 'age': 28, 'phone': '219847595752', 'address': 'Rua dois', 'state': 'Minas Gerais', 'city': 'Belo Horizonte'}}, {'id': '3075', 'type': 'contacts', 'attributes': {'name': 'bruno2', 'last-name': 'batista2', 'email': 'allanteste359937386956600@gmail.com', 'age': 28, 'phone': '219847595752', 'address': 'Rua dois', 'state': 'Minas Gerais', 'city': 'Belo Horizonte'}}, {'id': '3076', 'type': 'contacts', 'attributes': {'name': 'bruno2ALterado', 'last-name': 'batista2ALterado', 'email': 'allanteste359938883103400@gmail.com', 'age': 33, 'phone': '21123456789', 'address': 'Rua doisALterado', 'state': 'Minas GeraisALterado', 'city': 'Belo HorizonteALterado'}}, {'id': '3077', 'type': 'contacts', 'attributes': {'name': 'bruno2', 'last-name': 'batista2', 'email': 'allanteste359940521976700@gmail.com', 'age': 28, 'phone': '219847595752', 'address': 'Rua dois', 'state': 'Minas Gerais', 'city': 'Belo Horizonte'}}, {'id': '3078', 'type': 'contacts', 'attributes': {'name': 'bruno2', 'last-name': 'batista2', 'email': 'allanteste359942084099100@gmail.com', 'age': 28, 'phone': 'baaaasssss12', 'address': 'Rua dois', 'state': 'Minas Gerais', 'city': 'Belo Horizonte'}}, {'id': '3079', 'type': 'contacts', 'attributes': {'name': 'bruno2', 'last-name': 'batista2', 'email': 'allanteste359943555339200@gmail.com', 'age': 28, 'phone': '219847595752', 'address': 'Rua dois', 'state': 'Minas Gerais', 'city': 'Belo Horizonte'}}, {'id': '3080', 'type': 'contacts', 'attributes': {'name': 'bruno2ALterado', 'last-name': None, 'email': 'allanteste359945051057800@gmail.com', 'age': 33, 'phone': '21123456789', 'address': None, 'state': None, 'city': None}}, {'id': '3081', 'type': 'contacts', 'attributes': {'name': 'bruno2', 'last-name': 'batista2', 'email': 'allanteste359946604905700@gmail.com', 'age': 28, 'phone': '219847595752', 'address': 'Rua dois', 'state': 'Minas Gerais', 'city': 'Belo Horizonte'}}, {'id': '3082', 'type': 'contacts', 'attributes': {'name': 'bruno2', 'last-name': 'batista2', 'email': 'allanteste359948057599000@gmail.com', 'age': 28, 'phone': '219847595752', 'address': 'Rua dois', 'state': 'Minas Gerais', 'city': 'Belo Horizonte'}}, {'id': '3083', 'type': 'contacts', 'attributes': {'name': 'bruno2', 'last-name': 'batista2', 'email': 'allanteste359949487916400@gmail.com', 'age': 28, 'phone': '219847595752', 'address': 'Rua dois', 'state': 'Minas Gerais', 'city': 'Belo Horizonte'}}, {'id': '3231', 'type': 'contacts', 'attributes': {'name': 'Porfirio', 'last-name': 'Kris', 'email': 'Chi@gmail.com', 'age': 12, 'phone': '21984759575', 'address': 'Rua 1', 'state': 'Rio de Janeiro', 'city': 'Rio de Janeiro'}}, {'id': '3232', 'type': 'contacts', 'attributes': {'name': 'Stephen', 'last-name': 'Wilderman', 'email': 'Toney@gmail.com', 'age': 12, 'phone': '21984759575', 'address': 'Rua 1', 'state': 'Rio de Janeiro', 'city': 'Rio de Janeiro'}}, {'id': '3233', 'type': 'contacts', 'attributes': {'name': 'Shirly', 'last-name': 'Wiza', 'email': 'Jacklyn@gmail.com', 'age': 12, 'phone': '21984759575', 'address': 'Rua 1', 'state': 'Rio de Janeiro', 'city': 'Rio de Janeiro'}}, {'id': '3234', 'type': 'contacts', 'attributes': {'name': 'Rodney', 'last-name': 'Streich', 'email': 'Lauralee@gmail.com', 'age': 12, 'phone': '21984759575', 'address': 'Rua 1', 'state': 'Rio de Janeiro', 'city': 'Rio de Janeiro'}}, {'id': '3235', 'type': 'contacts', 'attributes': {'name': 'Brenton', 'last-name': 'Wiegand', 'email': 'Julian@gmail.com', 'age': 12, 'phone': '21984759575', 'address': 'Rua 1', 'state': 'Rio de Janeiro', 'city': 'Rio de Janeiro'}}, {'id': '3236', 'type': 'contacts', 'attributes': {'name': 'Sabrina', 'last-name': 'Schoen', 'email': 'Daphne@gmail.com', 'age': 12, 'phone': '21984759575', 'address': 'Rua 1', 'state': 'Rio de Janeiro', 'city': 'Rio de Janeiro'}}, {'id': '3237', 'type': 'contacts', 'attributes': {'name': 'Lacie', 'last-name': 'Ernser', 'email': 'Jefferson@gmail.com', 'age': 12, 'phone': '21984759575', 'address': 'Rua 1', 'state': 'Rio de Janeiro', 'city': 'Rio de Janeiro'}}, {'id': '3219', 'type': 'contacts', 'attributes': {'name': 'Brian', 'last-name': 'Ryan', 'email': 'Kristle@gmail.com', 'age': 12, 'phone': '21984759575', 'address': 'Rua 1', 'state': 'Rio de Janeiro', 'city': 'Rio de Janeiro'}}, {'id': '3220', 'type': 'contacts', 'attributes': {'name': 'Lonnie', 'last-name': 'Hartmann', 'email': 'Elwood@gmail.com', 'age': 12, 'phone': '21984759575', 'address': 'Rua 1', 'state': 'Rio de Janeiro', 'city': 'Rio de Janeiro'}}, {'id': '3221', 'type': 'contacts', 'attributes': {'name': 'Harris', 'last-name': 'West', 'email': 'Tamera@gmail.com', 'age': 12, 'phone': '21984759575', 'address': 'Rua 1', 'state': 'Rio de Janeiro', 'city': 'Rio de Janeiro'}}, {'id': '3222', 'type': 'contacts', 'attributes': {'name': 'Marcelle', 'last-name': 'Feil', 'email': 'Isiah@gmail.com', 'age': 12, 'phone': '21984759575', 'address': 'Rua 1', 'state': 'Rio de Janeiro', 'city': 'Rio de Janeiro'}}, {'id': '3223', 'type': 'contacts', 'attributes': {'name': 'Dexter', 'last-name': 'Wehner', 'email': 'Robert@gmail.com', 'age': 12, 'phone': '21984759575', 'address': 'Rua 1', 'state': 'Rio de Janeiro', 'city': 'Rio de Janeiro'}}, {'id': '3224', 'type': 'contacts', 'attributes': {'name': 'Modesta', 'last-name': 'Daugherty', 'email': 'Charlsie@gmail.com', 'age': 12, 'phone': '21984759575', 'address': 'Rua 1', 'state': 'Rio de Janeiro', 'city': 'Rio de Janeiro'}}, {'id': '3225', 'type': 'contacts', 'attributes': {'name': 'Bryan', 'last-name': 'Klein', 'email': 'Catarina@gmail.com', 'age': 12, 'phone': '21984759575', 'address': 'Rua 1', 'state': 'Rio de Janeiro', 'city': 'Rio de Janeiro'}}, {'id': '3226', 'type': 'contacts', 'attributes': {'name': 'Claudio', 'last-name': 'Carroll', 'email': 'Ulrike@gmail.com', 'age': 12, 'phone': '21984759575', 'address': 'Rua 1', 'state': 'Rio de Janeiro', 'city': 'Rio de Janeiro'}}, {'id': '3227', 'type': 'contacts', 'attributes': {'name': 'Hertha', 'last-name': 'Hills', 'email': 'Alexis@gmail.com', 'age': 12, 'phone': '21984759575', 'address': 'Rua 1', 'state': 'Rio de Janeiro', 'city': 'Rio de Janeiro'}}, {'id': '3228', 'type': 'contacts', 'attributes': {'name': 'Kay', 'last-name': 'Schaefer', 'email': 'Kris@gmail.com', 'age': 12, 'phone': '21984759575', 'address': 'Rua 1', 'state': 'Rio de Janeiro', 'city': 'Rio de Janeiro'}}, {'id': '3229', 'type': 'contacts', 'attributes': {'name': 'Kirby', 'last-name': 'Kreiger', 'email': 'Margo@gmail.com', 'age': 12, 'phone': '21984759575', 'address': 'Rua 1', 'state': 'Rio de Janeiro', 'city': 'Rio de Janeiro'}}, {'id': '3230', 'type': 'contacts', 'attributes': {'name': 'Danny', 'last-name': 'Stark', 'email': 'Lenita@gmail.com', 'age': 12, 'phone': '21984759575', 'address': 'Rua 1', 'state': 'Rio de Janeiro', 'city': 'Rio de Janeiro'}}, {'id': '3278', 'type': 'contacts', 'attributes': {'name': 'bruno', 'last-name': 'batista', 'email': 'junieltonlara01@gmail.com', 'age': 28, 'phone': '21984759575', 'address': 'Rua dois', 'state': 'Minas Gerais', 'city': 'Belo Horizonte'}}, {'id': '3279', 'type': 'contacts', 'attributes': {'name': 'bruno', 'last-name': 'batista', 'email': 'junieltonlara02@gmail.com', 'age': 28, 'phone': '21984759575', 'address': 'Rua dois', 'state': 'Minas Gerais', 'city': 'Belo Horizonte'}}, {'id': '3280', 'type': 'contacts', 'attributes': {'name': 'carlos', 'last-name': 'batista', 'email': 'brunobrunotesteb1@gmail.com', 'age': 28, 'phone': '21984759575', 'address': 'Rua dois', 'state': 'Minas Gerais', 'city': 'Belo Horizonte'}}, {'id': '3281', 'type': 'contacts', 'attributes': {'name': 'carlos', 'last-name': 'batista', 'email': 'brunobrunotesteb2@gmail.com', 'age': 28, 'phone': '21984759575', 'address': 'Rua dois', 'state': 'Minas Gerais', 'city': 'Belo Horizonte'}}, {'id': '3276', 'type': 'contacts', 'attributes': {'name': '1', 'last-name': 'batista', 'email': 'brun4@gmail.com', 'age': 28, 'phone': '21984759575', 'address': 'Rua dois', 'state': 'Minas Gerais', 'city': 'Belo Horizonte'}}, {'id': '3277', 'type': 'contacts', 'attributes': {'name': 'joaquim', 'last-name': None, 'email': 'cacarati@gmail.com', 'age': 43, 'phone': '11988343333', 'address': 'Rua fois', 'state': 'Mato Grosso', 'city': 'Belo Horizonte'}}, {'id': '3282', 'type': 'contacts', 'attributes': {'name': 'carlos', 'last-name': 'batista', 'email': 'brunobrunotesteb3@gmail.com', 'age': 28, 'phone': '21984759575', 'address': 'Rua dois', 'state': 'Minas Gerais', 'city': 'Belo Horizonte'}}, {'id': '3283', 'type': 'contacts', 'attributes': {'name': 'carlos', 'last-name': 'batista', 'email': 'brunobrunotesteb4@gmail.com', 'age': 28, 'phone': '21984759575', 'address': 'Rua dois', 'state': 'Minas Gerais', 'city': 'Belo Horizonte'}}, {'id': '3284', 'type': 'contacts', 'attributes': {'name': 'bruno', 'last-name': 'batista', 'email': 'brunobrunotesteb5@gmail.com', 'age': 28, 'phone': '21984759575', 'address': 'Rua dois', 'state': 'Minas Gerais', 'city': 'Belo Horizonte'}}, {'id': '3285', 'type': 'contacts', 'attributes': {'name': 'carlos', 'last-name': 'batista', 'email': 'brunobrunotesteb6@gmail.com', 'age': 28, 'phone': '21984759575', 'address': 'Rua dois', 'state': 'Minas Gerais', 'city': 'Belo Horizonte'}}, {'id': '3286', 'type': 'contacts', 'attributes': {'name': 'carlos', 'last-name': 'batista', 'email': 'brunobrunotesteb8@gmail.com', 'age': 28, 'phone': '21984759575', 'address': 'Rua dois', 'state': 'Minas Gerais', 'city': 'Belo Horizonte'}}, {'id': '3287', 'type': 'contacts', 'attributes': {'name': 'carlos', 'last-name': 'batista', 'email': 'brunobrunotesteb10@gmail.com', 'age': 28, 'phone': '21984759575', 'address': 'Rua dois', 'state': 'Minas Gerais', 'city': 'Belo Horizonte'}}, {'id': '3288', 'type': 'contacts', 'attributes': {'name': 'carlos', 'last-name': 'batista', 'email': 'brunobrunotesteb11@gmail.com', 'age': 28, 'phone': '21984759575', 'address': 'Rua dois', 'state': 'Minas Gerais', 'city': 'Belo Horizonte'}}, {'id': '3289', 'type': 'contacts', 'attributes': {'name': 'Tiffany Kim', 'last-name': 'batista', 'email': 'brunobrunotesteb44@gmail.com', 'age': 28, 'phone': '21984759575', 'address': 'Rua dois', 'state': 'Minas Gerais', 'city': 'Belo Horizonte'}}, {'id': '3290', 'type': 'contacts', 'attributes': {'name': 'Pamela Keller', 'last-name': 'batista', 'email': 'kaylaporter@example.com', 'age': 28, 'phone': '21984759575', 'address': 'Rua dois', 'state': 'Minas Gerais', 'city': 'Belo Horizonte'}}, {'id': '3291', 'type': 'contacts', 'attributes': {'name': 'Kimberly Nelson', 'last-name': 'Lopez', 'email': 'wgarcia@example.net', 'age': 5, 'phone': '21984759575', 'address': '2664 Golden Way\nRodriguezshire, MO 24403', 'state': 'Minas Gerais', 'city': 'Belo Horizonte'}}, {'id': '3292', 'type': 'contacts', 'attributes': {'name': 'conference.tiff', 'last-name': 'Washington', 'email': 'bshaw@example.com', 'age': 6, 'phone': '272', 'address': '54273 Becker Expressway Suite 599\nKathrynton, FL 92158', 'state': 'Minnesota', 'city': 'South Maryberg'}}, {'id': '3293', 'type': 'contacts', 'attributes': {'name': 'special.pages', 'last-name': 'Robinson', 'email': 'lauranichols@example.org', 'age': 4, 'phone': '986', 'address': '55194 Morrow Haven Suite 708\nNew Brianport, MS 86149', 'state': 'Maine', 'city': 'East Catherineview'}}, {'id': '3294', 'type': 'contacts', 'attributes': {'name': 'anything.wav', 'last-name': 'Love', 'email': 'tracyhendricks@example.org', 'age': 3, 'phone': '856', 'address': '0464 Kelley Extensions\nJameshaven, MT 35124', 'state': 'Tennessee', 'city': 'West Megan'}}, {'id': '3295', 'type': 'contacts', 'attributes': {'name': 'not.avi', 'last-name': 'Miller', 'email': 'matthew77@example.net', 'age': 1, 'phone': '427', 'address': '42963 Rowland Point\nNorth Jacobbury, NV 52578', 'state': 'Minnesota', 'city': 'Jorgetown'}}, {'id': '3296', 'type': 'contacts', 'attributes': {'name': 'hard.css', 'last-name': 'Hamilton', 'email': 'johnsonbryan@example.org', 'age': 8, 'phone': '518', 'address': '268 Rodriguez Harbor\nThompsonside, NY 09244', 'state': 'Alaska', 'city': 'Taylorhaven'}}, {'id': '3297', 'type': 'contacts', 'attributes': {'name': 'industry.jpg', 'last-name': 'Johnson', 'email': 'gregory11@example.net', 'age': 4, 'phone': '843', 'address': '8607 Johnny Way Suite 630\nEast Warrentown, VT 38685', 'state': 'South Carolina', 'city': 'Heatherchester'}}, {'id': '3298', 'type': 'contacts', 'attributes': {'name': 'bruno', 'last-name': 'batista', 'email': 'brunobrunotesteb15@gmail.com', 'age': 28, 'phone': '21984759575', 'address': 'Rua dois', 'state': 'Minas Gerais', 'city': 'Belo Horizonte'}}, {'id': '3299', 'type': 'contacts', 'attributes': {'name': 'send.flac', 'last-name': 'Chapman', 'email': 'thomasscott@example.net', 'age': 5, 'phone': '307', 'address': '6908 Cooper Stravenue Suite 710\nLucasshire, RI 15670', 'state': 'Kentucky', 'city': 'Omarport'}}, {'id': '3300', 'type': 'contacts', 'attributes': {'name': 'modern.png', 'last-name': 'Hunter', 'email': 'aaron00@example.org', 'age': 3, 'phone': '130', 'address': '5567 Ferguson Skyway Suite 228\nReginaldview, UT 94999', 'state': 'North Dakota', 'city': 'North Anthony'}}]}</msg>
<status status="PASS" starttime="20220907 22:05:47.466" endtime="20220907 22:05:47.482"/>
</kw>
<status status="PASS" starttime="20220907 22:05:44.846" endtime="20220907 22:05:47.482"/>
</kw>
<status status="PASS" starttime="20220907 22:05:42.854" endtime="20220907 22:05:47.483"/>
</test>
<test id="s1-t4" name="Efetuar a exclusão de contatos" line="47">
<kw name="Delete contatos da API api-de-tarefas.herokuapp">
<kw name="Random Int" library="FakerLibrary">
<var>${id}</var>
<arg>min=1</arg>
<arg>max=10</arg>
<doc>Generate a random integer between two integers ``min`` and ``max`` inclusive
while observing the provided ``step`` value.</doc>
<msg timestamp="20220907 22:05:47.485" level="INFO">${id} = 6</msg>
<status status="PASS" starttime="20220907 22:05:47.484" endtime="20220907 22:05:47.485"/>
</kw>
<kw name="EXECUTE">
<arg>DELETE</arg>
<arg>/contacts?id=${id}</arg>
<arg>${base_herokuapp}</arg>
<kw name="Authorization Headers">
<var>${headers}</var>
<arg>${token}</arg>
<kw name="Create Dictionary" library="BuiltIn">
<var>&amp;{headers}</var>
<arg>Authorization=${token}</arg>
<arg>Content-Type=${content_type}</arg>
<doc>Creates and returns a dictionary based on the given ``items``.</doc>
<msg timestamp="20220907 22:05:47.486" level="INFO">&amp;{headers} = { Authorization= | Content-Type=application/json }</msg>
<status status="PASS" starttime="20220907 22:05:47.485" endtime="20220907 22:05:47.486"/>
</kw>
<msg timestamp="20220907 22:05:47.486" level="INFO">${headers} = {'Authorization': '', 'Content-Type': 'application/json'}</msg>
<status status="PASS" starttime="20220907 22:05:47.485" endtime="20220907 22:05:47.486"/>
</kw>
<if>
<branch type="IF" condition="$method.upper() == 'POST'">
<kw name="POST" library="RequestsLibrary">
<var>${response}</var>
<arg>url=${link}${endpoint}</arg>
<arg>json=${body}</arg>
<arg>headers=${headers}</arg>
<arg>expected_status=any</arg>
<doc>Sends a POST request.</doc>
<status status="NOT RUN" starttime="20220907 22:05:47.486" endtime="20220907 22:05:47.486"/>
</kw>
<status status="NOT RUN" starttime="20220907 22:05:47.486" endtime="20220907 22:05:47.486"/>
</branch>
<branch type="ELSE IF" condition="$method.upper() == 'PATCH'">
<kw name="PATCH" library="RequestsLibrary">
<var>${response}</var>
<arg>url=${link}${endpoint}</arg>
<arg>json=${body}</arg>
<arg>headers=${headers}</arg>
<arg>expected_status=any</arg>
<doc>Sends a PUT request.</doc>
<status status="NOT RUN" starttime="20220907 22:05:47.487" endtime="20220907 22:05:47.487"/>
</kw>
<status status="NOT RUN" starttime="20220907 22:05:47.487" endtime="20220907 22:05:47.487"/>
</branch>
<branch type="ELSE IF" condition="$method.upper() == 'DELETE'">
<kw name="DELETE" library="RequestsLibrary">
<var>${response}</var>
<arg>url=${link}${endpoint}</arg>
<arg>headers=${headers}</arg>
<arg>expected_status=any</arg>
<doc>Sends a DELETE request.</doc>
<msg timestamp="20220907 22:05:48.089" level="INFO">DELETE Request : url=https://api-de-tarefas.herokuapp.com/contacts?id=6 
 path_url=/contacts?id=6 
 headers={'User-Agent': 'python-requests/2.28.1', 'Accept-Encoding': 'gzip, deflate', 'Accept': '*/*', 'Connection': 'keep-alive', 'Authorization': '', 'Content-Type': 'application/json', 'Content-Length': '0'} 
 body=None 
 </msg>
<msg timestamp="20220907 22:05:48.089" level="INFO">DELETE Response : url=https://api-de-tarefas.herokuapp.com/contacts?id=6 
 status=404, reason=Not Found 
 headers={'Server': 'Cowboy', 'Date': 'Thu, 08 Sep 2022 01:05:48 GMT', 'Connection': 'keep-alive', 'Content-Type': 'text/html; charset=UTF-8', 'X-Request-Id': 'd97a0fdf-e854-477a-acb2-551451b2537b', 'X-Runtime': '0.000959', 'Content-Length': '0', 'Via': '1.1 vegur'} 
 body=None 
 </msg>
<msg timestamp="20220907 22:05:48.090" level="INFO">${response} = &lt;Response [404]&gt;</msg>
<status status="PASS" starttime="20220907 22:05:47.487" endtime="20220907 22:05:48.090"/>
</kw>
<status status="PASS" starttime="20220907 22:05:47.487" endtime="20220907 22:05:48.090"/>
</branch>
<branch type="ELSE">
<if>
<branch type="IF" condition="${body} != None">
<kw name="GET" library="RequestsLibrary">
<var>${response}</var>
<arg>url=${link}${endpoint}</arg>
<arg>json=${body}</arg>
<arg>headers=${headers}</arg>
<arg>expected_status=any</arg>
<doc>Sends a GET request.</doc>
<status status="NOT RUN" starttime="20220907 22:05:48.090" endtime="20220907 22:05:48.090"/>
</kw>
<status status="NOT RUN" starttime="20220907 22:05:48.090" endtime="20220907 22:05:48.090"/>
</branch>
<branch type="ELSE">
<kw name="GET" library="RequestsLibrary">
<var>${response}</var>
<arg>url=${link}${endpoint}</arg>
<arg>headers=${headers}</arg>
<arg>expected_status=any</arg>
<doc>Sends a GET request.</doc>
<status status="NOT RUN" starttime="20220907 22:05:48.090" endtime="20220907 22:05:48.090"/>
</kw>
<status status="NOT RUN" starttime="20220907 22:05:48.090" endtime="20220907 22:05:48.090"/>
</branch>
<status status="NOT RUN" starttime="20220907 22:05:48.090" endtime="20220907 22:05:48.090"/>
</if>
<status status="NOT RUN" starttime="20220907 22:05:48.090" endtime="20220907 22:05:48.090"/>
</branch>
<status status="PASS" starttime="20220907 22:05:47.486" endtime="20220907 22:05:48.090"/>
</if>
<kw name="Set Suite Variable" library="BuiltIn">
<arg>${response}</arg>
<doc>Makes a variable available everywhere within the scope of the current suite.</doc>
<msg timestamp="20220907 22:05:48.091" level="INFO">${response} = &lt;Response [404]&gt;</msg>
<status status="PASS" starttime="20220907 22:05:48.090" endtime="20220907 22:05:48.091"/>
</kw>
<status status="PASS" starttime="20220907 22:05:47.485" endtime="20220907 22:05:48.091"/>
</kw>
<status status="PASS" starttime="20220907 22:05:47.484" endtime="20220907 22:05:48.091"/>
</kw>
<status status="PASS" starttime="20220907 22:05:47.484" endtime="20220907 22:05:48.092"/>
</test>
<status status="PASS" starttime="20220907 22:05:40.658" endtime="20220907 22:05:48.095"/>
</suite>
<statistics>
<total>
<stat pass="4" fail="0" skip="0">All Tests</stat>
</total>
<tag>
</tag>
<suite>
<stat pass="4" fail="0" skip="0" id="s1" name="Teste">Teste</stat>
</suite>
</statistics>
<errors>
</errors>
</robot>
